2025-10-31 13:30:27,266 [INFO] Scheduler started ï¿½ Daily (7 AM), Weekly (Friday 7 AM)
2025-10-31 18:03:52,808 [INFO] Scheduler started ï¿½ Daily (7 AM), Weekly (Friday 7 AM)
2025-10-31 18:39:33,349 [WARNING] Attempt 1 failed fetching quote: HTTPSConnectionPool(host='zenquotes.io', port=443): Max retries exceeded with url: /api/today/ (Caused by NameResolutionError("<urllib3.connection.HTTPSConnection object at 0x00000292FF1746E0>: Failed to resolve 'zenquotes.io' ([Errno 11001] getaddrinfo failed)"))
2025-10-31 18:39:38,353 [WARNING] Attempt 2 failed fetching quote: HTTPSConnectionPool(host='zenquotes.io', port=443): Max retries exceeded with url: /api/today/ (Caused by NameResolutionError("<urllib3.connection.HTTPSConnection object at 0x00000292FF0DFB10>: Failed to resolve 'zenquotes.io' ([Errno 11001] getaddrinfo failed)"))
2025-10-31 18:39:43,356 [WARNING] Attempt 3 failed fetching quote: HTTPSConnectionPool(host='zenquotes.io', port=443): Max retries exceeded with url: /api/today/ (Caused by NameResolutionError("<urllib3.connection.HTTPSConnection object at 0x00000292FF18C550>: Failed to resolve 'zenquotes.io' ([Errno 11001] getaddrinfo failed)"))
2025-10-31 18:39:48,358 [ERROR] All retries failed fetching the quote.
2025-10-31 18:39:48,360 [INFO] Scheduler started: Daily (7 AM), Weekly (Friday 7 AM)
2025-10-31 18:40:41,898 [WARNING] Attempt 1 failed fetching quote: HTTPSConnectionPool(host='zenquotes.io', port=443): Max retries exceeded with url: /api/today/ (Caused by NameResolutionError("<urllib3.connection.HTTPSConnection object at 0x00000271F49846E0>: Failed to resolve 'zenquotes.io' ([Errno 11001] getaddrinfo failed)"))
2025-10-31 18:40:46,901 [WARNING] Attempt 2 failed fetching quote: HTTPSConnectionPool(host='zenquotes.io', port=443): Max retries exceeded with url: /api/today/ (Caused by NameResolutionError("<urllib3.connection.HTTPSConnection object at 0x00000271F48EFB10>: Failed to resolve 'zenquotes.io' ([Errno 11001] getaddrinfo failed)"))
2025-10-31 18:40:51,906 [WARNING] Attempt 3 failed fetching quote: HTTPSConnectionPool(host='zenquotes.io', port=443): Max retries exceeded with url: /api/today/ (Caused by NameResolutionError("<urllib3.connection.HTTPSConnection object at 0x00000271F499C550>: Failed to resolve 'zenquotes.io' ([Errno 11001] getaddrinfo failed)"))
2025-10-31 18:40:56,907 [ERROR] All retries failed fetching the quote.
2025-10-31 18:40:56,908 [INFO] Scheduler started: Daily (7 AM), Weekly (Friday 7 AM)
2025-10-31 18:41:18,686 [WARNING] Attempt 1 failed fetching quote: HTTPSConnectionPool(host='zenquotes.io', port=443): Max retries exceeded with url: /api/today/ (Caused by NameResolutionError("<urllib3.connection.HTTPSConnection object at 0x0000024F169546E0>: Failed to resolve 'zenquotes.io' ([Errno 11001] getaddrinfo failed)"))
2025-10-31 18:41:34,816 [WARNING] Attempt 2 failed fetching quote: HTTPSConnectionPool(host='zenquotes.io', port=443): Max retries exceeded with url: /api/today/ (Caused by NameResolutionError("<urllib3.connection.HTTPSConnection object at 0x0000024F168BFB10>: Failed to resolve 'zenquotes.io' ([Errno 11001] getaddrinfo failed)"))
2025-10-31 18:41:39,824 [WARNING] Attempt 3 failed fetching quote: HTTPSConnectionPool(host='zenquotes.io', port=443): Max retries exceeded with url: /api/today/ (Caused by NameResolutionError("<urllib3.connection.HTTPSConnection object at 0x0000024F1696C550>: Failed to resolve 'zenquotes.io' ([Errno 11001] getaddrinfo failed)"))
2025-10-31 18:41:44,825 [ERROR] All retries failed fetching the quote.
2025-10-31 18:41:44,826 [INFO] Scheduler started: Daily (7 AM), Weekly (Friday 7 AM)
2025-10-31 19:00:50,610 [WARNING] 2025-10-31 19:00:50.610080: Attempt 1 failed fetching quote: HTTPSConnectionPool(host='zenquotes.io', port=443): Max retries exceeded with url: /api/today/ (Caused by NameResolutionError("<urllib3.connection.HTTPSConnection object at 0x000001DAEFBF46E0>: Failed to resolve 'zenquotes.io' ([Errno 11001] getaddrinfo failed)"))
2025-10-31 19:00:53,613 [WARNING] 2025-10-31 19:00:53.613172: Attempt 2 failed fetching quote: HTTPSConnectionPool(host='zenquotes.io', port=443): Max retries exceeded with url: /api/today/ (Caused by NameResolutionError("<urllib3.connection.HTTPSConnection object at 0x000001DAEFB5FB10>: Failed to resolve 'zenquotes.io' ([Errno 11001] getaddrinfo failed)"))
2025-10-31 19:00:56,614 [ERROR] All retries failed fetching the quote.
2025-10-31 19:00:56,616 [INFO] Scheduler started: Daily (7 AM), Weekly (Friday 7 AM)
2025-10-31 19:07:15,973 [INFO] Fetched successfully: "Believe in your infinite potential. Your only limitations are those you set upon yourself." ï¿½ Roy T. Bennett
2025-10-31 19:07:15,978 [INFO] Scheduler started: Daily (7 AM), Weekly (Friday 7 AM)
2025-10-31 19:14:41,250 [WARNING] Attempt 1 failed fetching quote: HTTPSConnectionPool(host='zenquotes.io', port=443): Max retries exceeded with url: /api/today/ (Caused by NameResolutionError("<urllib3.connection.HTTPSConnection object at 0x0000025FC76C0830>: Failed to resolve 'zenquotes.io' ([Errno 11001] getaddrinfo failed)"))
2025-10-31 19:14:44,253 [WARNING] Attempt 2 failed fetching quote: HTTPSConnectionPool(host='zenquotes.io', port=443): Max retries exceeded with url: /api/today/ (Caused by NameResolutionError("<urllib3.connection.HTTPSConnection object at 0x0000025FC762FB10>: Failed to resolve 'zenquotes.io' ([Errno 11001] getaddrinfo failed)"))
2025-10-31 19:14:47,254 [ERROR] All retries failed fetching the quote.
2025-10-31 19:14:48,064 [INFO] Scheduler started: Daily (7 AM), Weekly (Friday 7 AM)
2025-10-31 19:16:05,976 [INFO] Fetched successfully: "Believe in your infinite potential. Your only limitations are those you set upon yourself." ï¿½ Roy T. Bennett
2025-10-31 19:16:05,979 [INFO] Scheduler started: Daily (7 AM), Weekly (Friday 7 AM)
2025-10-31 19:21:23,270 [WARNING] Attempt 1 failed fetching quote: HTTPSConnectionPool(host='zenquotes.io', port=443): Max retries exceeded with url: /api/today/ (Caused by NameResolutionError("<urllib3.connection.HTTPSConnection object at 0x00000254B30D46E0>: Failed to resolve 'zenquotes.io' ([Errno 11001] getaddrinfo failed)"))
2025-10-31 19:21:26,275 [WARNING] Attempt 2 failed fetching quote: HTTPSConnectionPool(host='zenquotes.io', port=443): Max retries exceeded with url: /api/today/ (Caused by NameResolutionError("<urllib3.connection.HTTPSConnection object at 0x00000254B303FB10>: Failed to resolve 'zenquotes.io' ([Errno 11001] getaddrinfo failed)"))
2025-10-31 19:21:29,277 [ERROR] All retries failed fetching the quote.
2025-10-31 19:21:29,279 [INFO] Scheduler started: Daily (7 AM), Weekly (Friday 7 AM)
2025-10-31 19:22:04,840 [INFO] Fetched successfully: "Believe in your infinite potential. Your only limitations are those you set upon yourself." ï¿½ Roy T. Bennett
2025-10-31 19:22:04,845 [INFO] Scheduler started: Daily (7 AM), Weekly (Friday 7 AM)
2025-10-31 19:27:01,903 [INFO] Fetched successfully: "Believe in your infinite potential. Your only limitations are those you set upon yourself." ï¿½ Roy T. Bennett
2025-10-31 19:27:01,914 [INFO] Scheduler started: Daily (7 AM), Weekly (Friday 7 AM)
2025-10-31 19:32:19,698 [INFO] Fetched successfully: "Believe in your infinite potential. Your only limitations are those you set upon yourself." ï¿½ Roy T. Bennett
2025-10-31 19:32:21,875 [INFO] Fetched successfully: "Believe in your infinite potential. Your only limitations are those you set upon yourself." ï¿½ Roy T. Bennett
2025-10-31 19:32:22,822 [INFO] 2025-10-31 19:32:22.141328: Quote successfully inserted into zenquote table.
2025-10-31 19:32:22,824 [INFO] Scheduler started: Daily (7 AM), Weekly (Friday 7 AM)
2025-10-31 20:12:56,614 [INFO] Fetched successfully: "Believe in your infinite potential. Your only limitations are those you set upon yourself." ï¿½ Roy T. Bennett
2025-10-31 20:12:58,112 [INFO] Fetched successfully: "Believe in your infinite potential. Your only limitations are those you set upon yourself." ï¿½ Roy T. Bennett
2025-10-31 20:12:58,572 [INFO] 2025-10-31 20:12:58.190197: Quote successfully inserted into zenquote table.
2025-10-31 20:12:58,573 [INFO] Scheduler started: Daily (7 AM), Weekly (Friday 7 AM)
2025-10-31 20:50:48,975 [INFO] Fetched successfully: "Believe in your infinite potential. Your only limitations are those you set upon yourself." ï¿½ Roy T. Bennett
2025-10-31 20:50:50,431 [INFO] Fetched successfully: "Believe in your infinite potential. Your only limitations are those you set upon yourself." ï¿½ Roy T. Bennett
2025-10-31 20:50:50,978 [INFO] 2025-10-31 20:50:50.507465: Quote successfully inserted into zenquote table.
2025-10-31 20:50:50,979 [INFO] Scheduler started: Daily (7 AM), Weekly (Friday 7 AM)
2025-10-31 20:59:57,533 [INFO] Fetched successfully: "Believe in your infinite potential. Your only limitations are those you set upon yourself." ï¿½ Roy T. Bennett
2025-10-31 20:59:59,048 [INFO] Fetched successfully: "Believe in your infinite potential. Your only limitations are those you set upon yourself." ï¿½ Roy T. Bennett
2025-10-31 20:59:59,443 [INFO] 2025-10-31 20:59:59.113734: Quote successfully inserted into zenquote table.
2025-10-31 21:00:00,957 [INFO] Fetched successfully: "Believe in your infinite potential. Your only limitations are those you set upon yourself." ï¿½ Roy T. Bennett
2025-10-31 21:00:01,238 [INFO] 2025-10-31 21:00:00.959589: Quote successfully inserted into zenquote table.
2025-10-31 21:00:01,430 [INFO] Retrieved 1 active Daily users.
2025-10-31 21:09:34,771 [INFO] Fetched successfully: "Believe in your infinite potential. Your only limitations are those you set upon yourself." ï¿½ Roy T. Bennett
2025-10-31 21:09:36,100 [INFO] Fetched successfully: "Believe in your infinite potential. Your only limitations are those you set upon yourself." ï¿½ Roy T. Bennett
2025-10-31 21:09:36,522 [INFO] Quote successfully inserted into zenquote table.
2025-10-31 21:09:38,041 [INFO] Fetched successfully: "Believe in your infinite potential. Your only limitations are those you set upon yourself." ï¿½ Roy T. Bennett
2025-10-31 21:09:38,269 [INFO] Quote successfully inserted into zenquote table.
2025-10-31 21:09:38,515 [INFO] Retrieved 1 active Daily user(s).
2025-10-31 21:11:49,215 [ERROR] Failed to send email to adeboladesoyin@gmail.com: Connection unexpectedly closed
2025-10-31 21:11:49,392 [INFO] Logged 1 email results successfully.
2025-10-31 21:11:54,232 [INFO] Email sent successfully to adeboladesoyin@gmail.com
2025-10-31 21:11:54,232 [INFO] Completed Daily quote send cycle successfully.
2025-10-31 21:11:54,233 [INFO] Scheduler started: Daily (7 AM), Weekly (Friday 7 AM)
2025-10-31 22:37:26,428 [INFO] Fetched successfully: "Believe in your infinite potential. Your only limitations are those you set upon yourself." ï¿½ Roy T. Bennett
2025-10-31 22:37:28,060 [INFO] Fetched successfully: "Believe in your infinite potential. Your only limitations are those you set upon yourself." ï¿½ Roy T. Bennett
2025-10-31 22:37:28,602 [INFO] Quote successfully inserted into zenquote table.
2025-10-31 22:37:30,210 [INFO] Fetched successfully: "Believe in your infinite potential. Your only limitations are those you set upon yourself." ï¿½ Roy T. Bennett
2025-10-31 22:37:30,547 [INFO] Quote successfully inserted into zenquote table.
2025-10-31 22:37:30,782 [INFO] Retrieved 1 active Daily user(s).
2025-10-31 22:37:34,408 [INFO] Email sent successfully to adeboladesoyin@gmail.com
2025-10-31 22:37:34,640 [INFO] Logged 1 email results successfully.
2025-10-31 22:37:38,349 [INFO] Email sent successfully to adeboladesoyin@gmail.com
2025-10-31 22:37:38,349 [INFO] Completed Daily quote send cycle successfully.
2025-10-31 22:37:38,350 [INFO] Scheduler started: Daily (7 AM), Weekly (Friday 7 AM)
2025-10-31 22:42:04,028 [INFO] Fetched successfully: "Believe in your infinite potential. Your only limitations are those you set upon yourself." ï¿½ Roy T. Bennett
2025-10-31 22:42:05,563 [INFO] Fetched successfully: "Believe in your infinite potential. Your only limitations are those you set upon yourself." ï¿½ Roy T. Bennett
2025-10-31 22:42:06,002 [INFO] Quote successfully inserted into zenquote table.
2025-10-31 22:42:07,509 [INFO] Fetched successfully: "Believe in your infinite potential. Your only limitations are those you set upon yourself." ï¿½ Roy T. Bennett
2025-10-31 22:42:07,811 [INFO] Quote successfully inserted into zenquote table.
2025-10-31 22:42:08,039 [INFO] Retrieved 1 active Daily user(s).
2025-10-31 22:44:19,297 [ERROR] Failed to send email to adeboladesoyin@gmail.com: Connection unexpectedly closed
2025-10-31 22:44:19,563 [INFO] Logged 1 email results successfully.
2025-10-31 22:44:23,395 [INFO] Email sent successfully to adeboladesoyin@gmail.com
2025-10-31 22:44:23,395 [INFO] Completed Daily quote send cycle successfully.
2025-10-31 22:44:23,396 [INFO] Scheduler started: Daily (7 AM), Weekly (Friday 7 AM)
2025-10-31 22:46:54,084 [INFO] Fetched successfully: "Believe in your infinite potential. Your only limitations are those you set upon yourself." ï¿½ Roy T. Bennett
2025-10-31 22:46:55,665 [INFO] Fetched successfully: "Believe in your infinite potential. Your only limitations are those you set upon yourself." ï¿½ Roy T. Bennett
2025-10-31 22:46:56,118 [INFO] Quote successfully inserted into zenquote table.
2025-10-31 22:46:57,711 [INFO] Fetched successfully: "Believe in your infinite potential. Your only limitations are those you set upon yourself." ï¿½ Roy T. Bennett
2025-10-31 22:46:58,071 [ERROR] Failed to insert quote into DB: (psycopg2.errors.UniqueViolation) duplicate key value violates unique constraint "zenquotekey"
DETAIL:  Key (quote, trans_date)=(Believe in your infinite potential. Your only limitations are those you set upon yourself., 2025-10-31) already exists.

[SQL: INSERT INTO dbo.zenquote (quote, author, trans_date) VALUES (%(quote)s, %(author)s, %(trans_date)s)]
[parameters: {'quote': 'Believe in your infinite potential. Your only limitations are those you set upon yourself.', 'author': 'Roy T. Bennett', 'trans_date': datetime.datetime(2025, 10, 31, 22, 46, 57, 714525)}]
(Background on this error at: https://sqlalche.me/e/20/gkpj)
2025-10-31 22:46:58,308 [INFO] Retrieved 1 active Daily user(s).
2025-10-31 22:49:10,091 [ERROR] Failed to send email to adeboladesoyin@gmail.com: Connection unexpectedly closed
2025-10-31 22:49:10,359 [INFO] Logged 1 email results successfully.
2025-10-31 22:51:21,186 [ERROR] Failed to send email to adeboladesoyin@gmail.com: Connection unexpectedly closed
2025-10-31 22:51:21,186 [INFO] Completed Daily quote send cycle successfully.
2025-10-31 22:51:21,186 [INFO] Scheduler started: Daily (7 AM), Weekly (Friday 7 AM)
2025-10-31 22:55:00,837 [INFO] Fetched successfully: "Believe in your infinite potential. Your only limitations are those you set upon yourself." ï¿½ Roy T. Bennett
2025-10-31 22:55:02,371 [INFO] Fetched successfully: "Believe in your infinite potential. Your only limitations are those you set upon yourself." ï¿½ Roy T. Bennett
2025-10-31 22:55:02,766 [ERROR] Failed to insert quote into DB: (psycopg2.errors.UniqueViolation) duplicate key value violates unique constraint "zenquotekey"
DETAIL:  Key (quote, trans_date)=(Believe in your infinite potential. Your only limitations are those you set upon yourself., 2025-10-31) already exists.

[SQL: INSERT INTO dbo.zenquote (quote, author, trans_date) VALUES (%(quote)s, %(author)s, %(trans_date)s)]
[parameters: {'quote': 'Believe in your infinite potential. Your only limitations are those you set upon yourself.', 'author': 'Roy T. Bennett', 'trans_date': datetime.datetime(2025, 10, 31, 22, 55, 2, 444918)}]
(Background on this error at: https://sqlalche.me/e/20/gkpj)
2025-10-31 22:55:04,317 [INFO] Fetched successfully: "Believe in your infinite potential. Your only limitations are those you set upon yourself." ï¿½ Roy T. Bennett
2025-10-31 22:55:04,605 [ERROR] Failed to insert quote into DB: (psycopg2.errors.UniqueViolation) duplicate key value violates unique constraint "zenquotekey"
DETAIL:  Key (quote, trans_date)=(Believe in your infinite potential. Your only limitations are those you set upon yourself., 2025-10-31) already exists.

[SQL: INSERT INTO dbo.zenquote (quote, author, trans_date) VALUES (%(quote)s, %(author)s, %(trans_date)s)]
[parameters: {'quote': 'Believe in your infinite potential. Your only limitations are those you set upon yourself.', 'author': 'Roy T. Bennett', 'trans_date': datetime.datetime(2025, 10, 31, 22, 55, 4, 319720)}]
(Background on this error at: https://sqlalche.me/e/20/gkpj)
2025-10-31 22:55:04,828 [INFO] Retrieved 1 active Daily user(s).
2025-10-31 22:57:13,443 [ERROR] Failed to send email to adeboladesoyin@gmail.com: Connection unexpectedly closed
2025-10-31 22:57:13,651 [INFO] Logged 1 email results successfully.
2025-10-31 22:57:17,958 [INFO] Email sent successfully to adeboladesoyin@gmail.com
2025-10-31 22:57:17,958 [INFO] Completed Daily quote send cycle successfully.
2025-10-31 22:57:17,959 [INFO] Scheduler started: Daily (7 AM), Weekly (Friday 7 AM)
2025-10-31 23:11:57,657 [INFO] Fetched successfully: "Believe in your infinite potential. Your only limitations are those you set upon yourself." ï¿½ Roy T. Bennett
2025-10-31 23:12:00,794 [INFO] Fetched successfully: "Believe in your infinite potential. Your only limitations are those you set upon yourself." ï¿½ Roy T. Bennett
2025-10-31 23:12:01,195 [ERROR] Failed to insert quote into DB: (psycopg2.errors.UniqueViolation) duplicate key value violates unique constraint "zenquotekey"
DETAIL:  Key (quote, trans_date)=(Believe in your infinite potential. Your only limitations are those you set upon yourself., 2025-10-31) already exists.

[SQL: INSERT INTO dbo.zenquote (quote, author, trans_date) VALUES (%(quote)s, %(author)s, %(trans_date)s)]
[parameters: {'quote': 'Believe in your infinite potential. Your only limitations are those you set upon yourself.', 'author': 'Roy T. Bennett', 'trans_date': datetime.datetime(2025, 10, 31, 23, 12, 0, 882957)}]
(Background on this error at: https://sqlalche.me/e/20/gkpj)
2025-10-31 23:12:02,792 [INFO] Fetched successfully: "Believe in your infinite potential. Your only limitations are those you set upon yourself." ï¿½ Roy T. Bennett
2025-10-31 23:12:03,088 [ERROR] Failed to insert quote into DB: (psycopg2.errors.UniqueViolation) duplicate key value violates unique constraint "zenquotekey"
DETAIL:  Key (quote, trans_date)=(Believe in your infinite potential. Your only limitations are those you set upon yourself., 2025-10-31) already exists.

[SQL: INSERT INTO dbo.zenquote (quote, author, trans_date) VALUES (%(quote)s, %(author)s, %(trans_date)s)]
[parameters: {'quote': 'Believe in your infinite potential. Your only limitations are those you set upon yourself.', 'author': 'Roy T. Bennett', 'trans_date': datetime.datetime(2025, 10, 31, 23, 12, 2, 795601)}]
(Background on this error at: https://sqlalche.me/e/20/gkpj)
2025-10-31 23:12:03,285 [INFO] Retrieved 1 active Daily user(s).
2025-10-31 23:12:10,564 [INFO] Email sent successfully to adeboladesoyin@gmail.com
2025-10-31 23:12:10,770 [INFO] Logged 1 email results successfully.
2025-10-31 23:12:16,177 [INFO] Email sent successfully to adeboladesoyin@gmail.com
2025-10-31 23:12:16,177 [INFO] Completed Daily quote send cycle successfully.
2025-10-31 23:12:16,178 [INFO] Scheduler started: Daily (7 AM), Weekly (Friday 7 AM)
2025-11-01 08:13:54,179 [INFO] Fetched successfully: "Life must be rich and full of loving-it's no good otherwise, no good at all, for anyone.  " ï¿½ Jack Kerouac
2025-11-01 08:13:56,328 [INFO] Fetched successfully: "Life must be rich and full of loving-it's no good otherwise, no good at all, for anyone.  " ï¿½ Jack Kerouac
2025-11-01 08:13:57,515 [INFO] Quote successfully inserted into zenquote table.
2025-11-01 08:13:57,517 [INFO] Scheduler started: Daily (7 AM), Weekly (Friday 7 AM)
2025-11-01 08:34:03,321 [INFO] Fetched successfully: "Life must be rich and full of loving-it's no good otherwise, no good at all, for anyone.  " ï¿½ Jack Kerouac
2025-11-01 08:34:05,169 [INFO] Fetched successfully: "Life must be rich and full of loving-it's no good otherwise, no good at all, for anyone.  " ï¿½ Jack Kerouac
2025-11-01 08:34:05,679 [ERROR] Failed to insert quote into DB: (psycopg2.errors.UniqueViolation) duplicate key value violates unique constraint "zenquotekey"
DETAIL:  Key (quote, trans_date)=(Life must be rich and full of loving-it's no good otherwise, no good at all, for anyone.  , 2025-11-01) already exists.

[SQL: INSERT INTO dbo.zenquote (quote, author, trans_date) VALUES (%(quote)s, %(author)s, %(trans_date)s)]
[parameters: {'quote': "Life must be rich and full of loving-it's no good otherwise, no good at all, for anyone.  ", 'author': 'Jack Kerouac', 'trans_date': datetime.datetime(2025, 11, 1, 8, 34, 5, 306699)}]
(Background on this error at: https://sqlalche.me/e/20/gkpj)
2025-11-01 08:34:05,681 [INFO] Scheduler started: Daily (7 AM), Weekly (Friday 7 AM)

2025-11-01 09:17:23,117 [INFO] Fetched successfully: "Life must be rich and full of loving-it's no good otherwise, no good at all, for anyone.  " ï¿½ Jack Kerouac
2025-11-01 09:17:25,164 [INFO] Fetched successfully: "Life must be rich and full of loving-it's no good otherwise, no good at all, for anyone.  " ï¿½ Jack Kerouac
2025-11-01 09:17:25,892 [INFO] Quote successfully inserted into zenquote table.
2025-11-01 09:17:27,724 [INFO] Fetched successfully: "Life must be rich and full of loving-it's no good otherwise, no good at all, for anyone.  " ï¿½ Jack Kerouac
2025-11-01 09:17:28,230 [ERROR] Failed to insert quote into DB: (psycopg2.errors.UniqueViolation) duplicate key value violates unique constraint "zenquotekey"
DETAIL:  Key (quote, trans_date)=(Life must be rich and full of loving-it's no good otherwise, no good at all, for anyone.  , 2025-11-01) already exists.

[SQL: INSERT INTO dbo.zenquote (quote, author, trans_date) VALUES (%(quote)s, %(author)s, %(trans_date)s)]
[parameters: {'quote': "Life must be rich and full of loving-it's no good otherwise, no good at all, for anyone.  ", 'author': 'Jack Kerouac', 'trans_date': datetime.datetime(2025, 11, 1, 9, 17, 27, 728580)}]
(Background on this error at: https://sqlalche.me/e/20/gkpj)
2025-11-01 09:17:28,540 [INFO] Retrieved 2 active Daily user(s).
2025-11-01 09:17:49,733 [ERROR] Failed to send email to adeboladesoyin@gmail.com: [WinError 10060] A connection attempt failed because the connected party did not properly respond after a period of time, or established connection failed because connected host has failed to respond
2025-11-01 09:18:10,786 [ERROR] Failed to send email to solapeajiboye@gmail.com: [WinError 10060] A connection attempt failed because the connected party did not properly respond after a period of time, or established connection failed because connected host has failed to respond
2025-11-01 09:18:11,109 [INFO] Logged 2 email results successfully.
2025-11-01 09:18:32,150 [ERROR] Failed to send email to adeboladesoyin@gmail.com: [WinError 10060] A connection attempt failed because the connected party did not properly respond after a period of time, or established connection failed because connected host has failed to respond
2025-11-01 09:18:32,150 [INFO] Completed Daily quote send cycle successfully.
2025-11-01 09:18:32,151 [INFO] Scheduler started: Daily (7 AM), Weekly (Friday 7 AM)
2025-11-01 09:19:30,299 [INFO] Fetched successfully: "Life must be rich and full of loving-it's no good otherwise, no good at all, for anyone.  " ï¿½ Jack Kerouac
2025-11-01 09:19:32,448 [INFO] Fetched successfully: "Life must be rich and full of loving-it's no good otherwise, no good at all, for anyone.  " ï¿½ Jack Kerouac
2025-11-01 09:19:33,152 [ERROR] Failed to insert quote into DB: (psycopg2.errors.UniqueViolation) duplicate key value violates unique constraint "zenquotekey"
DETAIL:  Key (quote, trans_date)=(Life must be rich and full of loving-it's no good otherwise, no good at all, for anyone.  , 2025-11-01) already exists.

[SQL: INSERT INTO dbo.zenquote (quote, author, trans_date) VALUES (%(quote)s, %(author)s, %(trans_date)s)]
[parameters: {'quote': "Life must be rich and full of loving-it's no good otherwise, no good at all, for anyone.  ", 'author': 'Jack Kerouac', 'trans_date': datetime.datetime(2025, 11, 1, 9, 19, 32, 625313)}]
(Background on this error at: https://sqlalche.me/e/20/gkpj)
2025-11-01 09:19:35,622 [INFO] Fetched successfully: "Life must be rich and full of loving-it's no good otherwise, no good at all, for anyone.  " ï¿½ Jack Kerouac
2025-11-01 09:19:36,059 [ERROR] Failed to insert quote into DB: (psycopg2.errors.UniqueViolation) duplicate key value violates unique constraint "zenquotekey"
DETAIL:  Key (quote, trans_date)=(Life must be rich and full of loving-it's no good otherwise, no good at all, for anyone.  , 2025-11-01) already exists.

[SQL: INSERT INTO dbo.zenquote (quote, author, trans_date) VALUES (%(quote)s, %(author)s, %(trans_date)s)]
[parameters: {'quote': "Life must be rich and full of loving-it's no good otherwise, no good at all, for anyone.  ", 'author': 'Jack Kerouac', 'trans_date': datetime.datetime(2025, 11, 1, 9, 19, 35, 624884)}]
(Background on this error at: https://sqlalche.me/e/20/gkpj)
2025-11-01 09:19:36,397 [INFO] Retrieved 2 active Daily user(s).
2025-11-01 09:19:57,579 [ERROR] Failed to send email to adeboladesoyin@gmail.com: [WinError 10060] A connection attempt failed because the connected party did not properly respond after a period of time, or established connection failed because connected host has failed to respond
2025-11-01 09:20:18,618 [ERROR] Failed to send email to solapeajiboye@gmail.com: [WinError 10060] A connection attempt failed because the connected party did not properly respond after a period of time, or established connection failed because connected host has failed to respond
2025-11-01 09:20:18,900 [INFO] Logged 2 email results successfully.
2025-11-01 09:20:39,943 [ERROR] Failed to send email to adeboladesoyin@gmail.com: [WinError 10060] A connection attempt failed because the connected party did not properly respond after a period of time, or established connection failed because connected host has failed to respond
2025-11-01 09:20:39,943 [INFO] Completed Daily quote send cycle successfully.
2025-11-01 09:20:39,945 [INFO] Scheduler started: Daily (7 AM), Weekly (Friday 7 AM)
2025-11-01 09:30:19,002 [INFO] Fetched successfully: "Life must be rich and full of loving-it's no good otherwise, no good at all, for anyone.  " ï¿½ Jack Kerouac
2025-11-01 09:30:20,910 [INFO] Fetched successfully: "Life must be rich and full of loving-it's no good otherwise, no good at all, for anyone.  " ï¿½ Jack Kerouac
2025-11-01 09:30:21,580 [ERROR] Failed to insert quote into DB: (psycopg2.errors.UniqueViolation) duplicate key value violates unique constraint "zenquotekey"
DETAIL:  Key (quote, trans_date)=(Life must be rich and full of loving-it's no good otherwise, no good at all, for anyone.  , 2025-11-01) already exists.

[SQL: INSERT INTO dbo.zenquote (quote, author, trans_date) VALUES (%(quote)s, %(author)s, %(trans_date)s)]
[parameters: {'quote': "Life must be rich and full of loving-it's no good otherwise, no good at all, for anyone.  ", 'author': 'Jack Kerouac', 'trans_date': datetime.datetime(2025, 11, 1, 9, 30, 21, 49119)}]
(Background on this error at: https://sqlalche.me/e/20/gkpj)
2025-11-01 09:30:23,405 [INFO] Fetched successfully: "Life must be rich and full of loving-it's no good otherwise, no good at all, for anyone.  " ï¿½ Jack Kerouac
2025-11-01 09:30:23,698 [ERROR] Failed to insert quote into DB: (psycopg2.errors.UniqueViolation) duplicate key value violates unique constraint "zenquotekey"
DETAIL:  Key (quote, trans_date)=(Life must be rich and full of loving-it's no good otherwise, no good at all, for anyone.  , 2025-11-01) already exists.

[SQL: INSERT INTO dbo.zenquote (quote, author, trans_date) VALUES (%(quote)s, %(author)s, %(trans_date)s)]
[parameters: {'quote': "Life must be rich and full of loving-it's no good otherwise, no good at all, for anyone.  ", 'author': 'Jack Kerouac', 'trans_date': datetime.datetime(2025, 11, 1, 9, 30, 23, 407949)}]
(Background on this error at: https://sqlalche.me/e/20/gkpj)
2025-11-01 09:30:23,936 [INFO] Retrieved 2 active Daily user(s).
2025-11-01 09:30:45,065 [ERROR] Failed to send email to adeboladesoyin@gmail.com: [WinError 10060] A connection attempt failed because the connected party did not properly respond after a period of time, or established connection failed because connected host has failed to respond
2025-11-01 09:31:06,143 [ERROR] Failed to send email to solapeajiboye@gmail.com: [WinError 10060] A connection attempt failed because the connected party did not properly respond after a period of time, or established connection failed because connected host has failed to respond
2025-11-01 09:31:06,409 [INFO] Logged 2 email results successfully.
2025-11-01 09:31:27,447 [ERROR] Failed to send email to adeboladesoyin@gmail.com: [WinError 10060] A connection attempt failed because the connected party did not properly respond after a period of time, or established connection failed because connected host has failed to respond
2025-11-01 09:31:27,448 [INFO] Completed Daily quote send cycle successfully.
2025-11-01 09:31:29,629 [INFO] Fetched successfully: "Life must be rich and full of loving-it's no good otherwise, no good at all, for anyone.  " ï¿½ Jack Kerouac
2025-11-01 09:31:29,916 [ERROR] Failed to insert quote into DB: (psycopg2.errors.UniqueViolation) duplicate key value violates unique constraint "zenquotekey"
DETAIL:  Key (quote, trans_date)=(Life must be rich and full of loving-it's no good otherwise, no good at all, for anyone.  , 2025-11-01) already exists.

[SQL: INSERT INTO dbo.zenquote (quote, author, trans_date) VALUES (%(quote)s, %(author)s, %(trans_date)s)]
[parameters: {'quote': "Life must be rich and full of loving-it's no good otherwise, no good at all, for anyone.  ", 'author': 'Jack Kerouac', 'trans_date': datetime.datetime(2025, 11, 1, 9, 31, 29, 632635)}]
(Background on this error at: https://sqlalche.me/e/20/gkpj)
2025-11-01 09:31:30,142 [INFO] Retrieved 3 active Weekly user(s).
2025-11-01 09:31:51,237 [ERROR] Failed to send email to lucy.smith@noreplydemo.com: [WinError 10060] A connection attempt failed because the connected party did not properly respond after a period of time, or established connection failed because connected host has failed to respond
2025-11-01 09:32:12,393 [ERROR] Failed to send email to dadebola.adesoyin@avonhealthcare.com: [WinError 10060] A connection attempt failed because the connected party did not properly respond after a period of time, or established connection failed because connected host has failed to respond
2025-11-01 09:32:33,506 [ERROR] Failed to send email to emma.johnson@mailnode.org: [WinError 10060] A connection attempt failed because the connected party did not properly respond after a period of time, or established connection failed because connected host has failed to respond
2025-11-01 09:32:33,853 [INFO] Logged 3 email results successfully.
2025-11-01 09:32:54,934 [ERROR] Failed to send email to adeboladesoyin@gmail.com: [WinError 10060] A connection attempt failed because the connected party did not properly respond after a period of time, or established connection failed because connected host has failed to respond
2025-11-01 09:32:54,935 [INFO] Completed Weekly quote send cycle successfully.
2025-11-01 09:32:54,937 [INFO] Scheduler started: Daily (7 AM), Weekly (Friday 7 AM)
2025-11-01 09:38:33,713 [INFO] Fetched successfully: "Life must be rich and full of loving-it's no good otherwise, no good at all, for anyone.  " ï¿½ Jack Kerouac
2025-11-01 09:38:35,554 [INFO] Fetched successfully: "Life must be rich and full of loving-it's no good otherwise, no good at all, for anyone.  " ï¿½ Jack Kerouac
2025-11-01 09:38:35,953 [ERROR] Failed to insert quote into DB: (psycopg2.errors.UniqueViolation) duplicate key value violates unique constraint "zenquotekey"
DETAIL:  Key (quote, trans_date)=(Life must be rich and full of loving-it's no good otherwise, no good at all, for anyone.  , 2025-11-01) already exists.

[SQL: INSERT INTO dbo.zenquote (quote, author, trans_date) VALUES (%(quote)s, %(author)s, %(trans_date)s)]
[parameters: {'quote': "Life must be rich and full of loving-it's no good otherwise, no good at all, for anyone.  ", 'author': 'Jack Kerouac', 'trans_date': datetime.datetime(2025, 11, 1, 9, 38, 35, 637159)}]
(Background on this error at: https://sqlalche.me/e/20/gkpj)
2025-11-01 09:38:37,709 [INFO] Fetched successfully: "Life must be rich and full of loving-it's no good otherwise, no good at all, for anyone.  " ï¿½ Jack Kerouac
2025-11-01 09:38:37,972 [ERROR] Failed to insert quote into DB: (psycopg2.errors.UniqueViolation) duplicate key value violates unique constraint "zenquotekey"
DETAIL:  Key (quote, trans_date)=(Life must be rich and full of loving-it's no good otherwise, no good at all, for anyone.  , 2025-11-01) already exists.

[SQL: INSERT INTO dbo.zenquote (quote, author, trans_date) VALUES (%(quote)s, %(author)s, %(trans_date)s)]
[parameters: {'quote': "Life must be rich and full of loving-it's no good otherwise, no good at all, for anyone.  ", 'author': 'Jack Kerouac', 'trans_date': datetime.datetime(2025, 11, 1, 9, 38, 37, 711880)}]
(Background on this error at: https://sqlalche.me/e/20/gkpj)
2025-11-01 09:38:38,197 [INFO] Retrieved 2 active Daily user(s).
2025-11-01 09:38:42,605 [INFO] Email sent successfully to adeboladesoyin@gmail.com
2025-11-01 09:38:46,394 [INFO] Email sent successfully to solapeajiboye@gmail.com
2025-11-01 09:38:46,755 [INFO] Logged 2 email results successfully.
2025-11-01 09:38:50,900 [INFO] Email sent successfully to adeboladesoyin@gmail.com
2025-11-01 09:38:50,901 [INFO] Completed Daily quote send cycle successfully.
2025-11-01 09:38:52,743 [INFO] Fetched successfully: "Life must be rich and full of loving-it's no good otherwise, no good at all, for anyone.  " ï¿½ Jack Kerouac
2025-11-01 09:38:53,118 [ERROR] Failed to insert quote into DB: (psycopg2.errors.UniqueViolation) duplicate key value violates unique constraint "zenquotekey"
DETAIL:  Key (quote, trans_date)=(Life must be rich and full of loving-it's no good otherwise, no good at all, for anyone.  , 2025-11-01) already exists.

[SQL: INSERT INTO dbo.zenquote (quote, author, trans_date) VALUES (%(quote)s, %(author)s, %(trans_date)s)]
[parameters: {'quote': "Life must be rich and full of loving-it's no good otherwise, no good at all, for anyone.  ", 'author': 'Jack Kerouac', 'trans_date': datetime.datetime(2025, 11, 1, 9, 38, 52, 746489)}]
(Background on this error at: https://sqlalche.me/e/20/gkpj)
2025-11-01 09:38:53,407 [INFO] Retrieved 3 active Weekly user(s).
2025-11-01 09:38:57,155 [INFO] Email sent successfully to lucy.smith@noreplydemo.com
2025-11-01 09:39:01,140 [INFO] Email sent successfully to dadebola.adesoyin@avonhealthcare.com
2025-11-01 09:39:05,030 [INFO] Email sent successfully to emma.johnson@mailnode.org
2025-11-01 09:39:05,392 [INFO] Logged 3 email results successfully.
2025-11-01 09:39:09,874 [INFO] Email sent successfully to adeboladesoyin@gmail.com
2025-11-01 09:39:09,875 [INFO] Completed Weekly quote send cycle successfully.
2025-11-01 09:39:09,876 [INFO] Scheduler started: Daily (7 AM), Weekly (Friday 7 AM)
2025-11-03 08:33:29,190 [INFO] ============================================
2025-11-03 08:33:29,192 [WARNING] Attempt 1 failed fetching quote: HTTPSConnectionPool(host='zenquotes.io', port=443): Max retries exceeded with url: /api/today/ (Caused by NameResolutionError("<urllib3.connection.HTTPSConnection object at 0x000002CC661086E0>: Failed to resolve 'zenquotes.io' ([Errno 11002] getaddrinfo failed)"))
2025-11-03 08:33:32,194 [INFO] ============================================
2025-11-03 08:33:32,195 [WARNING] Attempt 2 failed fetching quote: HTTPSConnectionPool(host='zenquotes.io', port=443): Max retries exceeded with url: /api/today/ (Caused by NameResolutionError("<urllib3.connection.HTTPSConnection object at 0x000002CC6606FC50>: Failed to resolve 'zenquotes.io' ([Errno 11002] getaddrinfo failed)"))
2025-11-03 08:33:35,196 [ERROR] All retries failed fetching the quote.
2025-11-03 08:33:35,196 [WARNING] No quote retrieved ï¿½ skipping database insert.
2025-11-03 08:33:35,318 [INFO] ============================================
2025-11-03 08:33:35,318 [WARNING] Attempt 1 failed fetching quote: HTTPSConnectionPool(host='zenquotes.io', port=443): Max retries exceeded with url: /api/today/ (Caused by NameResolutionError("<urllib3.connection.HTTPSConnection object at 0x000002CC6611C690>: Failed to resolve 'zenquotes.io' ([Errno 11002] getaddrinfo failed)"))
2025-11-03 08:33:38,322 [INFO] ============================================
2025-11-03 08:33:38,323 [WARNING] Attempt 2 failed fetching quote: HTTPSConnectionPool(host='zenquotes.io', port=443): Max retries exceeded with url: /api/today/ (Caused by NameResolutionError("<urllib3.connection.HTTPSConnection object at 0x000002CC6611C910>: Failed to resolve 'zenquotes.io' ([Errno 11002] getaddrinfo failed)"))
2025-11-03 08:33:41,324 [ERROR] All retries failed fetching the quote.
2025-11-03 08:33:41,324 [ERROR] No quote retrieved; skipping email send.
2025-11-03 08:33:41,324 [INFO] Scheduler started: Daily (7 AM), Weekly (Friday 7 AM)
2025-11-03 08:45:56,984 [INFO] ============================================
2025-11-03 08:45:57,026 [INFO] Fetched successfully: "The purpose of life is the life of purpose." ï¿½ Robin Sharma
2025-11-03 08:45:58,471 [INFO] Quote successfully inserted into zenquote table.
2025-11-03 08:46:00,193 [INFO] ============================================
2025-11-03 08:46:00,194 [INFO] Fetched successfully: "The purpose of life is the life of purpose." ï¿½ Robin Sharma
2025-11-03 08:46:00,712 [ERROR] Failed to insert quote into DB: (psycopg2.errors.UniqueViolation) duplicate key value violates unique constraint "zenquotekey"
DETAIL:  Key (quote, trans_date)=(The purpose of life is the life of purpose., 2025-11-03) already exists.

[SQL: INSERT INTO dbo.zenquote (quote, author, trans_date) VALUES (%(quote)s, %(author)s, %(trans_date)s)]
[parameters: {'quote': 'The purpose of life is the life of purpose.', 'author': 'Robin Sharma', 'trans_date': datetime.datetime(2025, 11, 3, 8, 46, 0, 196582)}]
(Background on this error at: https://sqlalche.me/e/20/gkpj)
2025-11-03 08:46:01,049 [INFO] Retrieved 2 active Daily user(s).
2025-11-03 08:46:04,048 [INFO] Email sent successfully to adeboladesoyin@gmail.com
2025-11-03 08:46:06,826 [INFO] Email sent successfully to solapeajiboye@gmail.com
2025-11-03 08:46:07,198 [INFO] Logged 2 email results successfully into email_log table.
2025-11-03 08:46:11,113 [INFO] Email sent successfully to adeboladesoyin@gmail.com
2025-11-03 08:46:11,115 [INFO] Completed Daily quote send cycle successfully.
2025-11-03 08:46:11,115 [INFO] Scheduler started: Daily (7 AM), Weekly (Friday 7 AM)
2025-11-04 08:37:14,897 [INFO] ============================================
2025-11-04 08:37:14,940 [INFO] Fetched successfully: "Never let the fear of striking out keep you from playing the game." — Babe Ruth
2025-11-04 08:37:15,860 [INFO] Quote successfully inserted into zenquote table.
2025-11-04 08:37:17,790 [INFO] ============================================
2025-11-04 08:37:17,791 [INFO] Fetched successfully: "Never let the fear of striking out keep you from playing the game." — Babe Ruth
2025-11-04 08:37:18,177 [ERROR] Failed to insert quote into DB: (psycopg2.errors.UniqueViolation) duplicate key value violates unique constraint "zenquotekey"
DETAIL:  Key (quote, trans_date)=(Never let the fear of striking out keep you from playing the game., 2025-11-04) already exists.

[SQL: INSERT INTO dbo.zenquote (quote, author, trans_date) VALUES (%(quote)s, %(author)s, %(trans_date)s)]
[parameters: {'quote': 'Never let the fear of striking out keep you from playing the game.', 'author': 'Babe Ruth', 'trans_date': datetime.datetime(2025, 11, 4, 8, 37, 17, 794321)}]
(Background on this error at: https://sqlalche.me/e/20/gkpj)
2025-11-04 08:37:18,445 [INFO] Retrieved 2 active Daily user(s).
2025-11-04 08:37:21,988 [INFO] Email sent successfully to adeboladesoyin@gmail.com
2025-11-04 08:37:25,879 [INFO] Email sent successfully to nwaekwudavid@gmail.com
2025-11-04 08:37:26,115 [INFO] Logged 2 email results successfully into email_log table.
2025-11-04 08:37:29,872 [INFO] Email sent successfully to adeboladesoyin@gmail.com
2025-11-04 08:37:29,874 [INFO] Completed Daily quote send cycle successfully.
2025-11-04 08:37:29,874 [INFO] Scheduler started: Daily (7 AM), Weekly (Friday 7 AM)
2025-11-06 08:00:17,118 [INFO] ============================================
2025-11-06 08:00:17,120 [WARNING] Attempt 1 failed fetching quote: HTTPSConnectionPool(host='zenquotes.io', port=443): Max retries exceeded with url: /api/today/ (Caused by NameResolutionError("<urllib3.connection.HTTPSConnection object at 0x000002868BC786E0>: Failed to resolve 'zenquotes.io' ([Errno 11002] getaddrinfo failed)"))
2025-11-06 08:00:20,124 [INFO] ============================================
2025-11-06 08:00:20,125 [WARNING] Attempt 2 failed fetching quote: HTTPSConnectionPool(host='zenquotes.io', port=443): Max retries exceeded with url: /api/today/ (Caused by NameResolutionError("<urllib3.connection.HTTPSConnection object at 0x000002868BBDFC50>: Failed to resolve 'zenquotes.io' ([Errno 11002] getaddrinfo failed)"))
2025-11-06 08:00:23,125 [ERROR] All retries failed fetching the quote.
2025-11-06 08:00:23,126 [WARNING] No quote retrieved — skipping database insert.
2025-11-06 08:00:23,263 [INFO] ============================================
2025-11-06 08:00:23,264 [WARNING] Attempt 1 failed fetching quote: HTTPSConnectionPool(host='zenquotes.io', port=443): Max retries exceeded with url: /api/today/ (Caused by NameResolutionError("<urllib3.connection.HTTPSConnection object at 0x000002868BC8C690>: Failed to resolve 'zenquotes.io' ([Errno 11002] getaddrinfo failed)"))
2025-11-06 08:00:26,266 [INFO] ============================================
2025-11-06 08:00:26,266 [WARNING] Attempt 2 failed fetching quote: HTTPSConnectionPool(host='zenquotes.io', port=443): Max retries exceeded with url: /api/today/ (Caused by NameResolutionError("<urllib3.connection.HTTPSConnection object at 0x000002868BC8C910>: Failed to resolve 'zenquotes.io' ([Errno 11002] getaddrinfo failed)"))
2025-11-06 08:00:29,267 [ERROR] All retries failed fetching the quote.
2025-11-06 08:00:29,267 [ERROR] No quote retrieved; skipping email send.
2025-11-06 08:00:29,268 [INFO] Scheduler started: Daily (7 AM), Weekly (Friday 7 AM)
2025-11-07 08:05:55,477 [INFO] ============================================
2025-11-07 08:05:55,478 [INFO] Fetched successfully: "He who knows best knows how little he knows." — Thomas Jefferson
2025-11-07 08:05:56,553 [INFO] Quote successfully inserted into zenquote table.
2025-11-07 08:05:58,446 [INFO] ============================================
2025-11-07 08:05:58,446 [INFO] Fetched successfully: "He who knows best knows how little he knows." — Thomas Jefferson
2025-11-07 08:05:58,863 [ERROR] Failed to insert quote into DB: (psycopg2.errors.UniqueViolation) duplicate key value violates unique constraint "zenquotekey"
DETAIL:  Key (quote, trans_date)=(He who knows best knows how little he knows., 2025-11-07) already exists.

[SQL: INSERT INTO dbo.zenquote (quote, author, trans_date) VALUES (%(quote)s, %(author)s, %(trans_date)s)]
[parameters: {'quote': 'He who knows best knows how little he knows.', 'author': 'Thomas Jefferson', 'trans_date': datetime.datetime(2025, 11, 7, 8, 5, 58, 449202)}]
(Background on this error at: https://sqlalche.me/e/20/gkpj)
2025-11-07 08:05:59,165 [INFO] Retrieved 1 active Daily user(s).
2025-11-07 08:06:07,402 [INFO] Email sent successfully to adeboladesoyin@gmail.com
2025-11-07 08:06:07,665 [INFO] Logged 1 email results successfully into email_log table.
2025-11-07 08:06:10,151 [INFO] Email sent successfully to adeboladesoyin@gmail.com
2025-11-07 08:06:10,151 [INFO] Completed Daily quote send cycle successfully.
2025-11-07 08:06:10,152 [INFO] Scheduler started: Daily (7 AM), Weekly (Friday 7 AM)
2025-11-07 08:09:16,284 [INFO] ============================================
2025-11-07 08:09:16,285 [INFO] Fetched successfully: "He who knows best knows how little he knows." — Thomas Jefferson
2025-11-07 08:09:16,871 [ERROR] Failed to insert quote into DB: (psycopg2.errors.UniqueViolation) duplicate key value violates unique constraint "zenquotekey"
DETAIL:  Key (quote, trans_date)=(He who knows best knows how little he knows., 2025-11-07) already exists.

[SQL: INSERT INTO dbo.zenquote (quote, author, trans_date) VALUES (%(quote)s, %(author)s, %(trans_date)s)]
[parameters: {'quote': 'He who knows best knows how little he knows.', 'author': 'Thomas Jefferson', 'trans_date': datetime.datetime(2025, 11, 7, 8, 9, 16, 430777)}]
(Background on this error at: https://sqlalche.me/e/20/gkpj)
2025-11-07 08:09:18,946 [INFO] ============================================
2025-11-07 08:09:18,947 [INFO] Fetched successfully: "He who knows best knows how little he knows." — Thomas Jefferson
2025-11-07 08:09:19,265 [ERROR] Failed to insert quote into DB: (psycopg2.errors.UniqueViolation) duplicate key value violates unique constraint "zenquotekey"
DETAIL:  Key (quote, trans_date)=(He who knows best knows how little he knows., 2025-11-07) already exists.

[SQL: INSERT INTO dbo.zenquote (quote, author, trans_date) VALUES (%(quote)s, %(author)s, %(trans_date)s)]
[parameters: {'quote': 'He who knows best knows how little he knows.', 'author': 'Thomas Jefferson', 'trans_date': datetime.datetime(2025, 11, 7, 8, 9, 18, 949993)}]
(Background on this error at: https://sqlalche.me/e/20/gkpj)
2025-11-07 08:09:19,522 [INFO] Retrieved 1 active Daily user(s).
2025-11-07 08:09:22,634 [INFO] Email sent successfully to adeboladesoyin@gmail.com
2025-11-07 08:09:22,850 [INFO] Logged 1 email results successfully into email_log table.
2025-11-07 08:09:25,721 [INFO] Email sent successfully to adeboladesoyin@gmail.com
2025-11-07 08:09:25,721 [INFO] Completed Daily quote send cycle successfully.
2025-11-07 08:09:25,722 [INFO] Scheduler started: Daily (7 AM), Weekly (Friday 7 AM)
2025-11-07 13:59:22,380 [INFO] ============================================
2025-11-07 13:59:22,382 [WARNING] Attempt 1 failed fetching quote: HTTPSConnectionPool(host='zenquotes.io', port=443): Max retries exceeded with url: /api/today/ (Caused by NameResolutionError("<urllib3.connection.HTTPSConnection object at 0x00000181A256C6E0>: Failed to resolve 'zenquotes.io' ([Errno 11002] getaddrinfo failed)"))
2025-11-07 13:59:25,384 [INFO] ============================================
2025-11-07 13:59:25,384 [WARNING] Attempt 2 failed fetching quote: HTTPSConnectionPool(host='zenquotes.io', port=443): Max retries exceeded with url: /api/today/ (Caused by NameResolutionError("<urllib3.connection.HTTPSConnection object at 0x00000181A24CBC50>: Failed to resolve 'zenquotes.io' ([Errno 11002] getaddrinfo failed)"))
2025-11-07 13:59:28,385 [ERROR] All retries failed fetching the quote.
2025-11-07 13:59:28,386 [WARNING] No quote retrieved — skipping database insert.
2025-11-07 13:59:30,312 [INFO] ============================================
2025-11-07 13:59:30,313 [INFO] Fetched successfully: "He who knows best knows how little he knows." — Thomas Jefferson
2025-11-07 13:59:30,736 [ERROR] Failed to insert quote into DB: (psycopg2.errors.UniqueViolation) duplicate key value violates unique constraint "zenquotekey"
DETAIL:  Key (quote, trans_date)=(He who knows best knows how little he knows., 2025-11-07) already exists.

[SQL: INSERT INTO dbo.zenquote (quote, author, trans_date) VALUES (%(quote)s, %(author)s, %(trans_date)s)]
[parameters: {'quote': 'He who knows best knows how little he knows.', 'author': 'Thomas Jefferson', 'trans_date': datetime.datetime(2025, 11, 7, 13, 59, 30, 482087)}]
(Background on this error at: https://sqlalche.me/e/20/gkpj)
2025-11-07 13:59:30,835 [INFO] Retrieved 1 active Daily user(s).
2025-11-07 13:59:33,961 [INFO] Email sent successfully to adeboladesoyin@gmail.com
2025-11-07 13:59:34,064 [INFO] Logged 1 email results successfully into email_log table.
2025-11-07 13:59:36,903 [INFO] Email sent successfully to adeboladesoyin@gmail.com
2025-11-07 13:59:36,904 [INFO] Completed Daily quote send cycle successfully.
2025-11-07 13:59:36,904 [INFO] Scheduler started: Daily (7 AM), Weekly (Friday 7 AM)
2025-11-08 08:23:50,927 [INFO] ============================================
2025-11-08 08:23:50,929 [INFO] Fetched successfully: "It is indeed a radical act of love just to sit down and be quiet for a time by yourself." — Jon Kabat-Zinn
2025-11-08 08:23:51,790 [INFO] Quote successfully inserted into zenquote table.
2025-11-08 08:23:53,690 [INFO] ============================================
2025-11-08 08:23:53,691 [INFO] Fetched successfully: "It is indeed a radical act of love just to sit down and be quiet for a time by yourself." — Jon Kabat-Zinn
2025-11-08 08:23:54,045 [ERROR] Failed to insert quote into DB: (psycopg2.errors.UniqueViolation) duplicate key value violates unique constraint "zenquotekey"
DETAIL:  Key (quote, trans_date)=(It is indeed a radical act of love just to sit down and be quiet for a time by yourself., 2025-11-08) already exists.

[SQL: INSERT INTO dbo.zenquote (quote, author, trans_date) VALUES (%(quote)s, %(author)s, %(trans_date)s)]
[parameters: {'quote': 'It is indeed a radical act of love just to sit down and be quiet for a time by yourself.', 'author': 'Jon Kabat-Zinn', 'trans_date': datetime.datetime(2025, 11, 8, 8, 23, 53, 694607)}]
(Background on this error at: https://sqlalche.me/e/20/gkpj)
2025-11-08 08:23:54,374 [INFO] Retrieved 1 active Daily user(s).
2025-11-08 08:24:14,479 [ERROR] Failed to send email to adeboladesoyin@gmail.com: timed out
2025-11-08 08:24:14,758 [INFO] Logged 1 email results successfully into email_log table.
2025-11-08 08:24:34,766 [ERROR] Failed to send email to adeboladesoyin@gmail.com: timed out
2025-11-08 08:24:34,766 [INFO] Completed Daily quote send cycle successfully.
2025-11-08 08:24:34,767 [INFO] Scheduler started: Daily (7 AM), Weekly (Friday 7 AM)
2025-11-08 09:04:42,484 [INFO] ============================================
2025-11-08 09:04:42,486 [INFO] Fetched successfully: "It is indeed a radical act of love just to sit down and be quiet for a time by yourself." — Jon Kabat-Zinn
2025-11-08 09:04:43,266 [ERROR] Failed to insert quote into DB: (psycopg2.errors.UniqueViolation) duplicate key value violates unique constraint "zenquotekey"
DETAIL:  Key (quote, trans_date)=(It is indeed a radical act of love just to sit down and be quiet for a time by yourself., 2025-11-08) already exists.

[SQL: INSERT INTO dbo.zenquote (quote, author, trans_date) VALUES (%(quote)s, %(author)s, %(trans_date)s)]
[parameters: {'quote': 'It is indeed a radical act of love just to sit down and be quiet for a time by yourself.', 'author': 'Jon Kabat-Zinn', 'trans_date': datetime.datetime(2025, 11, 8, 9, 4, 42, 723565)}]
(Background on this error at: https://sqlalche.me/e/20/gkpj)
2025-11-08 09:04:43,268 [INFO] Scheduler started: Daily (8 AM), Weekly (saturday 9 AM)
2025-11-08 19:46:28,528 [INFO] ============================================
2025-11-08 19:46:28,550 [INFO] Fetched successfully: "It is indeed a radical act of love just to sit down and be quiet for a time by yourself." — Jon Kabat-Zinn
2025-11-08 19:46:29,197 [ERROR] Failed to insert quote into DB: (psycopg2.errors.UniqueViolation) duplicate key value violates unique constraint "zenquotekey"
DETAIL:  Key (quote, trans_date)=(It is indeed a radical act of love just to sit down and be quiet for a time by yourself., 2025-11-08) already exists.

[SQL: INSERT INTO dbo.zenquote (quote, author, trans_date) VALUES (%(quote)s, %(author)s, %(trans_date)s)]
[parameters: {'quote': 'It is indeed a radical act of love just to sit down and be quiet for a time by yourself.', 'author': 'Jon Kabat-Zinn', 'trans_date': datetime.datetime(2025, 11, 8, 19, 46, 28, 766099)}]
(Background on this error at: https://sqlalche.me/e/20/gkpj)
2025-11-08 19:46:29,198 [INFO] Scheduler started: Daily (8 AM), Weekly (saturday 8 AM)
2025-11-10 13:13:37,016 [INFO] ============================================
2025-11-10 13:13:37,044 [INFO] Fetched successfully: "The Law of Concentration states that whatever you dwell upon grows. The more you think about something, the more it becomes part of your reality." — Brian Tracy
2025-11-10 13:13:39,140 [INFO] Quote successfully inserted into zenquote table.
2025-11-10 13:13:39,191 [INFO] Scheduler started: Daily (8 AM), Weekly (saturday 8 AM)
2025-11-11 11:39:08,420 [INFO] ============================================
2025-11-11 11:39:08,422 [INFO] Fetched successfully: "A hopeless man is a very desperate and dangerous man, almost a dead man." — Robert F. Kennedy
2025-11-11 11:39:09,304 [INFO] Quote successfully inserted into zenquote table.
2025-11-11 11:39:09,306 [INFO] Scheduler started: Daily (8 AM), Weekly (saturday 8 AM)
2025-11-12 13:38:00,647 [INFO] ============================================
2025-11-12 13:38:00,650 [INFO] Fetched successfully: "Tenderness and kindness are not signs of weakness and despair, but manifestations of strength and resolution." — Kahlil Gibran
2025-11-12 13:38:01,911 [INFO] Quote successfully inserted into zenquote table.
2025-11-12 13:38:01,914 [INFO] Scheduler started: Daily (8 AM), Weekly (saturday 8 AM)
2025-11-14 12:04:16,977 [INFO] ============================================
2025-11-14 12:04:16,982 [INFO] Fetched successfully: "No man can get rich himself unless he enriches others." — Earl Nightingale
2025-11-14 12:04:18,035 [INFO] Quote successfully inserted into zenquote table.
2025-11-14 12:04:18,036 [INFO] Scheduler started: Daily (8 AM), Weekly (saturday 8 AM)
2025-11-15 20:07:04,029 [INFO] ============================================
2025-11-15 20:07:04,033 [INFO] Fetched successfully: "Beginning today, treat everyone you meet as if they were going to be dead by midnight. Your life will never be the same again." — Og Mandino
2025-11-15 20:07:04,360 [INFO] Quote successfully inserted into zenquote table.
2025-11-15 20:07:04,361 [INFO] Scheduler started: Daily (8 AM), Weekly (saturday 8 AM)
2025-11-17 08:04:59,219 [INFO] ============================================
2025-11-17 08:04:59,220 [INFO] Fetched successfully: "The power to make and break habits and learning how to do that is really important." — Naval Ravikant
2025-11-17 08:05:00,738 [INFO] Quote successfully inserted into zenquote table.
2025-11-17 08:05:00,739 [INFO] Scheduler started: Daily (8 AM), Weekly (saturday 8 AM)
2025-11-17 09:00:10,982 [INFO] ============================================
2025-11-17 09:00:10,985 [INFO] Fetched successfully: "The power to make and break habits and learning how to do that is really important." — Naval Ravikant
2025-11-17 09:00:11,582 [ERROR] Failed to insert quote into DB: (psycopg2.errors.UniqueViolation) duplicate key value violates unique constraint "zenquotekey"
DETAIL:  Key (quote, trans_date)=(The power to make and break habits and learning how to do that is really important., 2025-11-17) already exists.

[SQL: INSERT INTO dbo.zenquote (quote, author, trans_date) VALUES (%(quote)s, %(author)s, %(trans_date)s)]
[parameters: {'quote': 'The power to make and break habits and learning how to do that is really important.', 'author': 'Naval Ravikant', 'trans_date': datetime.datetime(2025, 11, 17, 9, 0, 11, 89227)}]
(Background on this error at: https://sqlalche.me/e/20/gkpj)
2025-11-17 09:00:11,586 [INFO] Scheduler started: Daily (8 AM), Weekly (saturday 8 AM)
2025-11-18 14:57:08,466 [INFO] ============================================
2025-11-18 14:57:08,468 [WARNING] Attempt 1 failed fetching quote: HTTPSConnectionPool(host='zenquotes.io', port=443): Max retries exceeded with url: /api/today/ (Caused by NameResolutionError("<urllib3.connection.HTTPSConnection object at 0x0000020B7F8706E0>: Failed to resolve 'zenquotes.io' ([Errno 11001] getaddrinfo failed)"))
2025-11-18 14:57:11,473 [INFO] ============================================
2025-11-18 14:57:11,473 [WARNING] Attempt 2 failed fetching quote: HTTPSConnectionPool(host='zenquotes.io', port=443): Max retries exceeded with url: /api/today/ (Caused by NameResolutionError("<urllib3.connection.HTTPSConnection object at 0x0000020B7F7D7C50>: Failed to resolve 'zenquotes.io' ([Errno 11001] getaddrinfo failed)"))
2025-11-18 14:57:14,474 [ERROR] All retries failed fetching the quote.
2025-11-18 14:57:14,474 [WARNING] No quote retrieved — skipping database insert.
2025-11-18 14:57:14,476 [INFO] Scheduler started: Daily (8 AM), Weekly (saturday 8 AM)
2025-11-19 14:43:15,921 [INFO] ============================================
2025-11-19 14:43:15,922 [INFO] Fetched successfully: "Passion creates, addiction consumes." — Gabor Mate
2025-11-19 14:43:17,464 [INFO] Quote successfully inserted into zenquote table.
2025-11-19 14:43:17,466 [INFO] Scheduler started: Daily (8 AM), Weekly (saturday 8 AM)
2025-11-19 20:58:35,286 [INFO] ============================================
2025-11-19 20:58:35,289 [INFO] Fetched successfully: "Passion creates, addiction consumes." — Gabor Mate
2025-11-19 20:58:36,206 [ERROR] Failed to insert quote into DB: (psycopg2.errors.UniqueViolation) duplicate key value violates unique constraint "zenquotekey"
DETAIL:  Key (quote, trans_date)=(Passion creates, addiction consumes., 2025-11-19) already exists.

[SQL: INSERT INTO dbo.zenquote (quote, author, trans_date) VALUES (%(quote)s, %(author)s, %(trans_date)s)]
[parameters: {'quote': 'Passion creates, addiction consumes.', 'author': 'Gabor Mate', 'trans_date': datetime.datetime(2025, 11, 19, 20, 58, 35, 535285)}]
(Background on this error at: https://sqlalche.me/e/20/gkpj)
2025-11-19 20:58:37,635 [INFO] ============================================
2025-11-19 20:58:37,636 [INFO] Fetched successfully: "Passion creates, addiction consumes." — Gabor Mate
2025-11-19 20:58:38,004 [ERROR] Failed to insert quote into DB: (psycopg2.errors.UniqueViolation) duplicate key value violates unique constraint "zenquotekey"
DETAIL:  Key (quote, trans_date)=(Passion creates, addiction consumes., 2025-11-19) already exists.

[SQL: INSERT INTO dbo.zenquote (quote, author, trans_date) VALUES (%(quote)s, %(author)s, %(trans_date)s)]
[parameters: {'quote': 'Passion creates, addiction consumes.', 'author': 'Gabor Mate', 'trans_date': datetime.datetime(2025, 11, 19, 20, 58, 37, 638761)}]
(Background on this error at: https://sqlalche.me/e/20/gkpj)
2025-11-19 20:58:38,321 [INFO] Retrieved 1 active Daily user(s).
2025-11-19 20:58:58,457 [ERROR] Failed to send email to adeboladesoyin@gmail.com: timed out
2025-11-19 20:58:58,798 [INFO] Logged 1 email results successfully into email_log table.
2025-11-19 20:59:18,803 [ERROR] Failed to send email to adeboladesoyin@gmail.com: timed out
2025-11-19 20:59:18,805 [INFO] Completed Daily quote send cycle successfully to admin.
2025-11-19 21:17:12,858 [INFO] ============================================
2025-11-19 21:17:12,867 [INFO] Fetched successfully: "Passion creates, addiction consumes." — Gabor Mate
2025-11-19 21:17:13,426 [ERROR] Failed to insert quote into DB: (psycopg2.errors.UniqueViolation) duplicate key value violates unique constraint "zenquotekey"
DETAIL:  Key (quote, trans_date)=(Passion creates, addiction consumes., 2025-11-19) already exists.

[SQL: INSERT INTO dbo.zenquote (quote, author, trans_date) VALUES (%(quote)s, %(author)s, %(trans_date)s)]
[parameters: {'quote': 'Passion creates, addiction consumes.', 'author': 'Gabor Mate', 'trans_date': datetime.datetime(2025, 11, 19, 21, 17, 12, 959213)}]
(Background on this error at: https://sqlalche.me/e/20/gkpj)
2025-11-19 21:17:15,006 [INFO] ============================================
2025-11-19 21:17:15,007 [INFO] Fetched successfully: "Passion creates, addiction consumes." — Gabor Mate
2025-11-19 21:17:15,325 [ERROR] Failed to insert quote into DB: (psycopg2.errors.UniqueViolation) duplicate key value violates unique constraint "zenquotekey"
DETAIL:  Key (quote, trans_date)=(Passion creates, addiction consumes., 2025-11-19) already exists.

[SQL: INSERT INTO dbo.zenquote (quote, author, trans_date) VALUES (%(quote)s, %(author)s, %(trans_date)s)]
[parameters: {'quote': 'Passion creates, addiction consumes.', 'author': 'Gabor Mate', 'trans_date': datetime.datetime(2025, 11, 19, 21, 17, 15, 8334)}]
(Background on this error at: https://sqlalche.me/e/20/gkpj)
2025-11-19 21:17:15,667 [INFO] Retrieved 1 active Daily user(s).
2025-11-19 21:17:35,755 [ERROR] Failed to send email to adeboladesoyin@gmail.com: timed out
2025-11-19 21:17:36,094 [INFO] Logged 1 email results successfully into email_log table.
2025-11-19 21:17:56,106 [ERROR] Failed to send email to adeboladesoyin@gmail.com: timed out
2025-11-19 21:17:56,107 [INFO] Completed Daily quote send cycle successfully to admin.
2025-11-19 21:23:43,319 [INFO] ============================================
2025-11-19 21:23:43,320 [INFO] Fetched successfully: "Passion creates, addiction consumes." — Gabor Mate
2025-11-19 21:23:43,809 [ERROR] Failed to insert quote into DB: (psycopg2.errors.UniqueViolation) duplicate key value violates unique constraint "zenquotekey"
DETAIL:  Key (quote, trans_date)=(Passion creates, addiction consumes., 2025-11-19) already exists.

[SQL: INSERT INTO dbo.zenquote (quote, author, trans_date) VALUES (%(quote)s, %(author)s, %(trans_date)s)]
[parameters: {'quote': 'Passion creates, addiction consumes.', 'author': 'Gabor Mate', 'trans_date': datetime.datetime(2025, 11, 19, 21, 23, 43, 403422)}]
(Background on this error at: https://sqlalche.me/e/20/gkpj)
2025-11-19 21:23:45,458 [INFO] ============================================
2025-11-19 21:23:45,459 [INFO] Fetched successfully: "Passion creates, addiction consumes." — Gabor Mate
2025-11-19 21:23:45,814 [ERROR] Failed to insert quote into DB: (psycopg2.errors.UniqueViolation) duplicate key value violates unique constraint "zenquotekey"
DETAIL:  Key (quote, trans_date)=(Passion creates, addiction consumes., 2025-11-19) already exists.

[SQL: INSERT INTO dbo.zenquote (quote, author, trans_date) VALUES (%(quote)s, %(author)s, %(trans_date)s)]
[parameters: {'quote': 'Passion creates, addiction consumes.', 'author': 'Gabor Mate', 'trans_date': datetime.datetime(2025, 11, 19, 21, 23, 45, 462540)}]
(Background on this error at: https://sqlalche.me/e/20/gkpj)
2025-11-19 21:23:46,156 [INFO] Retrieved 1 active Daily user(s).
2025-11-19 21:23:50,476 [INFO] Email sent successfully to adeboladesoyin@gmail.com
2025-11-19 21:23:50,846 [INFO] Logged 1 email results successfully into email_log table.
2025-11-19 21:24:20,929 [ERROR] Failed to send email to adeboladesoyin@gmail.com: Connection unexpectedly closed: timed out
2025-11-19 21:24:20,930 [INFO] Completed Daily quote send cycle successfully to admin.
2025-11-20 13:10:58,522 [INFO] ============================================
2025-11-20 13:10:58,527 [INFO] Fetched successfully: "The opportunity of defeating the enemy is provided by the enemy himself." — Sun Tzu
2025-11-20 13:10:59,742 [INFO] Quote successfully inserted into zenquote table.
2025-11-20 13:11:01,759 [INFO] ============================================
2025-11-20 13:11:01,760 [INFO] Fetched successfully: "The opportunity of defeating the enemy is provided by the enemy himself." — Sun Tzu
2025-11-20 13:11:02,108 [ERROR] Failed to insert quote into DB: (psycopg2.errors.UniqueViolation) duplicate key value violates unique constraint "zenquotekey"
DETAIL:  Key (quote, trans_date)=(The opportunity of defeating the enemy is provided by the enemy himself., 2025-11-20) already exists.

[SQL: INSERT INTO dbo.zenquote (quote, author, trans_date) VALUES (%(quote)s, %(author)s, %(trans_date)s)]
[parameters: {'quote': 'The opportunity of defeating the enemy is provided by the enemy himself.', 'author': 'Sun Tzu', 'trans_date': datetime.datetime(2025, 11, 20, 13, 11, 1, 763265)}]
(Background on this error at: https://sqlalche.me/e/20/gkpj)
2025-11-20 13:11:02,441 [INFO] Retrieved 1 active Daily user(s).
2025-11-20 13:11:06,514 [INFO] Email sent successfully to adeboladesoyin@gmail.com
2025-11-20 13:11:06,895 [INFO] Logged 1 email results successfully into email_log table.
2025-11-20 13:11:10,772 [INFO] Email sent successfully to adeboladesoyin@gmail.com
2025-11-20 13:11:10,773 [INFO] Completed Daily quote send cycle successfully to admin.
2025-11-20 13:26:23,942 [INFO] ============================================
2025-11-20 13:26:23,946 [INFO] Fetched successfully: "The opportunity of defeating the enemy is provided by the enemy himself." — Sun Tzu
2025-11-20 13:26:26,940 [ERROR] Failed to insert quote into DB: (psycopg2.errors.UniqueViolation) duplicate key value violates unique constraint "zenquotekey"
DETAIL:  Key (quote, trans_date)=(The opportunity of defeating the enemy is provided by the enemy himself., 2025-11-20) already exists.

[SQL: INSERT INTO dbo.zenquote (quote, author, trans_date) VALUES (%(quote)s, %(author)s, %(trans_date)s)]
[parameters: {'quote': 'The opportunity of defeating the enemy is provided by the enemy himself.', 'author': 'Sun Tzu', 'trans_date': datetime.datetime(2025, 11, 20, 13, 26, 24, 421239)}]
(Background on this error at: https://sqlalche.me/e/20/gkpj)
2025-11-20 13:26:29,599 [INFO] ============================================
2025-11-20 13:26:29,599 [INFO] Fetched successfully: "The opportunity of defeating the enemy is provided by the enemy himself." — Sun Tzu
2025-11-20 13:26:30,060 [ERROR] Failed to insert quote into DB: (psycopg2.errors.UniqueViolation) duplicate key value violates unique constraint "zenquotekey"
DETAIL:  Key (quote, trans_date)=(The opportunity of defeating the enemy is provided by the enemy himself., 2025-11-20) already exists.

[SQL: INSERT INTO dbo.zenquote (quote, author, trans_date) VALUES (%(quote)s, %(author)s, %(trans_date)s)]
[parameters: {'quote': 'The opportunity of defeating the enemy is provided by the enemy himself.', 'author': 'Sun Tzu', 'trans_date': datetime.datetime(2025, 11, 20, 13, 26, 29, 601650)}]
(Background on this error at: https://sqlalche.me/e/20/gkpj)
2025-11-20 13:26:30,415 [INFO] Retrieved 1 active Daily user(s).
2025-11-20 13:26:33,906 [INFO] Email sent successfully to adeboladesoyin@gmail.com
2025-11-20 13:26:34,428 [INFO] Logged 1 email results successfully into email_log table.
2025-11-20 13:26:37,200 [INFO] Email sent successfully to adeboladesoyin@gmail.com
2025-11-20 13:26:37,201 [INFO] Completed Daily quote send cycle successfully to admin.
2025-11-21 15:55:30,770 [INFO] ============================================
2025-11-21 15:55:30,771 [INFO] Fetched successfully: "We suffer more often in imagination than in reality.  " — Seneca
2025-11-21 15:55:31,642 [INFO] Quote successfully inserted into zenquote table.
2025-11-21 15:55:33,196 [INFO] ============================================
2025-11-21 15:55:33,197 [INFO] Fetched successfully: "We suffer more often in imagination than in reality.  " — Seneca
2025-11-21 15:55:33,562 [ERROR] Failed to insert quote into DB: (psycopg2.errors.UniqueViolation) duplicate key value violates unique constraint "zenquotekey"
DETAIL:  Key (quote, trans_date)=(We suffer more often in imagination than in reality.  , 2025-11-21) already exists.

[SQL: INSERT INTO dbo.zenquote (quote, author, trans_date) VALUES (%(quote)s, %(author)s, %(trans_date)s)]
[parameters: {'quote': 'We suffer more often in imagination than in reality.  ', 'author': 'Seneca', 'trans_date': datetime.datetime(2025, 11, 21, 15, 55, 33, 199925)}]
(Background on this error at: https://sqlalche.me/e/20/gkpj)
2025-11-21 15:55:33,913 [INFO] Retrieved 1 active Daily user(s).
2025-11-21 15:55:37,817 [INFO] Email sent successfully to adeboladesoyin@gmail.com
2025-11-21 15:55:38,144 [INFO] Logged 1 email results successfully into email_log table.
2025-11-21 15:56:08,250 [ERROR] Failed to send email to adeboladesoyin@gmail.com: Connection unexpectedly closed: timed out
2025-11-21 15:56:08,251 [INFO] Completed Daily quote send cycle successfully to admin.
2025-11-23 09:17:06,059 [INFO] ============================================
2025-11-23 09:17:06,106 [WARNING] Attempt 1 failed fetching quote: HTTPSConnectionPool(host='zenquotes.io', port=443): Max retries exceeded with url: /api/today/ (Caused by NameResolutionError("<urllib3.connection.HTTPSConnection object at 0x000002581C53C6E0>: Failed to resolve 'zenquotes.io' ([Errno 11001] getaddrinfo failed)"))
2025-11-23 09:17:09,108 [INFO] ============================================
2025-11-23 09:17:09,108 [WARNING] Attempt 2 failed fetching quote: HTTPSConnectionPool(host='zenquotes.io', port=443): Max retries exceeded with url: /api/today/ (Caused by NameResolutionError("<urllib3.connection.HTTPSConnection object at 0x000002581C4AFB10>: Failed to resolve 'zenquotes.io' ([Errno 11001] getaddrinfo failed)"))
2025-11-23 09:17:12,109 [ERROR] All retries failed fetching the quote.
2025-11-23 09:17:12,109 [WARNING] No quote retrieved — skipping database insert.
2025-11-23 09:17:12,111 [INFO] ============================================
2025-11-23 09:17:12,111 [WARNING] Attempt 1 failed fetching quote: HTTPSConnectionPool(host='zenquotes.io', port=443): Max retries exceeded with url: /api/today/ (Caused by NameResolutionError("<urllib3.connection.HTTPSConnection object at 0x000002581C554550>: Failed to resolve 'zenquotes.io' ([Errno 11001] getaddrinfo failed)"))
2025-11-23 09:17:15,118 [INFO] ============================================
2025-11-23 09:17:15,118 [WARNING] Attempt 2 failed fetching quote: HTTPSConnectionPool(host='zenquotes.io', port=443): Max retries exceeded with url: /api/today/ (Caused by NameResolutionError("<urllib3.connection.HTTPSConnection object at 0x000002581C5547D0>: Failed to resolve 'zenquotes.io' ([Errno 11001] getaddrinfo failed)"))
2025-11-23 09:17:18,119 [ERROR] All retries failed fetching the quote.
2025-11-23 09:17:18,119 [ERROR] No quote retrieved; skipping email send.
2025-11-23 09:22:23,684 [INFO] ============================================
2025-11-23 09:22:23,684 [WARNING] Attempt 1 failed fetching quote: HTTPSConnectionPool(host='zenquotes.io', port=443): Max retries exceeded with url: /api/today/ (Caused by NameResolutionError("<urllib3.connection.HTTPSConnection object at 0x000001A7E6B3C6E0>: Failed to resolve 'zenquotes.io' ([Errno 11001] getaddrinfo failed)"))
2025-11-23 09:22:26,689 [INFO] ============================================
2025-11-23 09:22:26,689 [WARNING] Attempt 2 failed fetching quote: HTTPSConnectionPool(host='zenquotes.io', port=443): Max retries exceeded with url: /api/today/ (Caused by NameResolutionError("<urllib3.connection.HTTPSConnection object at 0x000001A7E6AAFB10>: Failed to resolve 'zenquotes.io' ([Errno 11001] getaddrinfo failed)"))
2025-11-23 09:22:29,690 [ERROR] All retries failed fetching the quote.
2025-11-23 09:22:29,690 [WARNING] No quote retrieved — skipping database insert.
2025-11-23 09:22:29,694 [INFO] ============================================
2025-11-23 09:22:29,694 [WARNING] Attempt 1 failed fetching quote: HTTPSConnectionPool(host='zenquotes.io', port=443): Max retries exceeded with url: /api/today/ (Caused by NameResolutionError("<urllib3.connection.HTTPSConnection object at 0x000001A7E6B54550>: Failed to resolve 'zenquotes.io' ([Errno 11001] getaddrinfo failed)"))
2025-11-23 09:22:32,697 [INFO] ============================================
2025-11-23 09:22:32,698 [WARNING] Attempt 2 failed fetching quote: HTTPSConnectionPool(host='zenquotes.io', port=443): Max retries exceeded with url: /api/today/ (Caused by NameResolutionError("<urllib3.connection.HTTPSConnection object at 0x000001A7E6B547D0>: Failed to resolve 'zenquotes.io' ([Errno 11001] getaddrinfo failed)"))
2025-11-23 09:22:35,698 [ERROR] All retries failed fetching the quote.
2025-11-23 09:22:35,698 [ERROR] No quote retrieved; skipping email send.
2025-12-02 10:50:23,889 [INFO] ============================================
2025-12-02 10:50:23,891 [INFO] Fetched successfully: "Remembering that you are going to die is the best way I know to avoid the trap of thinking you have something to lose." — Steve Jobs
2025-12-02 10:50:24,195 [INFO] ============================================
2025-12-02 10:50:24,195 [INFO] Fetched successfully: "Remembering that you are going to die is the best way I know to avoid the trap of thinking you have something to lose." — Steve Jobs
2025-12-02 10:50:25,322 [INFO] Quote successfully inserted into zenquote table.
2025-12-02 10:50:25,350 [ERROR] Failed to insert quote into DB: (psycopg2.errors.UniqueViolation) duplicate key value violates unique constraint "zenquotekey"
DETAIL:  Key (quote, trans_date)=(Remembering that you are going to die is the best way I know to avoid the trap of thinking you have something to lose., 2025-12-02) already exists.

[SQL: INSERT INTO dbo.zenquote (quote, author, trans_date) VALUES (%(quote)s, %(author)s, %(trans_date)s)]
[parameters: {'quote': 'Remembering that you are going to die is the best way I know to avoid the trap of thinking you have something to lose.', 'author': 'Steve Jobs', 'trans_date': datetime.datetime(2025, 12, 2, 10, 50, 24, 315342)}]
(Background on this error at: https://sqlalche.me/e/20/gkpj)
2025-12-02 10:50:25,651 [INFO] Retrieved 1 active Daily user(s).
2025-12-02 10:50:25,652 [INFO] Retrieved 1 active Daily user(s).
2025-12-02 10:50:46,778 [ERROR] Failed to send email to adeboladesoyin@gmail.com: [WinError 10060] A connection attempt failed because the connected party did not properly respond after a period of time, or established connection failed because connected host has failed to respond
2025-12-02 10:50:46,780 [ERROR] Failed to send email to adeboladesoyin@gmail.com: [WinError 10060] A connection attempt failed because the connected party did not properly respond after a period of time, or established connection failed because connected host has failed to respond
2025-12-02 10:50:47,211 [INFO] Logged 1 email results successfully into email_log table.
2025-12-02 10:50:47,211 [INFO] Logged 1 email results successfully into email_log table.
2025-12-02 10:51:08,240 [ERROR] Failed to send email to adeboladesoyin@gmail.com: [WinError 10060] A connection attempt failed because the connected party did not properly respond after a period of time, or established connection failed because connected host has failed to respond
2025-12-02 10:51:08,241 [ERROR] Failed to send email to adeboladesoyin@gmail.com: [WinError 10060] A connection attempt failed because the connected party did not properly respond after a period of time, or established connection failed because connected host has failed to respond
2025-12-02 10:51:08,241 [INFO] Completed Daily quote send cycle successfully to admin.
2025-12-02 10:51:08,241 [INFO] Completed Daily quote send cycle successfully to admin.
2025-12-02 10:58:45,054 [INFO] ============================================
2025-12-02 10:58:45,058 [INFO] Fetched successfully: "Remembering that you are going to die is the best way I know to avoid the trap of thinking you have something to lose." — Steve Jobs
2025-12-02 10:58:45,542 [ERROR] Failed to insert quote into DB: (psycopg2.errors.UniqueViolation) duplicate key value violates unique constraint "zenquotekey"
DETAIL:  Key (quote, trans_date)=(Remembering that you are going to die is the best way I know to avoid the trap of thinking you have something to lose., 2025-12-02) already exists.

[SQL: INSERT INTO dbo.zenquote (quote, author, trans_date) VALUES (%(quote)s, %(author)s, %(trans_date)s)]
[parameters: {'quote': 'Remembering that you are going to die is the best way I know to avoid the trap of thinking you have something to lose.', 'author': 'Steve Jobs', 'trans_date': datetime.datetime(2025, 12, 2, 10, 58, 45, 161047)}]
(Background on this error at: https://sqlalche.me/e/20/gkpj)
2025-12-02 10:58:45,819 [INFO] Retrieved 1 active Daily user(s).
2025-12-02 10:59:06,906 [ERROR] Failed to send email to adeboladesoyin@gmail.com: [WinError 10060] A connection attempt failed because the connected party did not properly respond after a period of time, or established connection failed because connected host has failed to respond
2025-12-02 10:59:07,221 [INFO] Logged 1 email results successfully into email_log table.
2025-12-02 10:59:28,305 [ERROR] Failed to send email to adeboladesoyin@gmail.com: [WinError 10060] A connection attempt failed because the connected party did not properly respond after a period of time, or established connection failed because connected host has failed to respond
2025-12-02 10:59:28,306 [INFO] Completed Daily quote send cycle successfully to admin.
2025-12-03 12:56:51,343 [INFO] ============================================
2025-12-03 12:56:51,346 [INFO] Fetched successfully: "Believe in one thing too much and you have no room for new ideas.  " — Ray Bradbury
2025-12-03 12:56:52,574 [INFO] Quote successfully inserted into zenquote table.
2025-12-03 12:56:52,988 [INFO] Retrieved 1 active Daily user(s).
2025-12-03 12:56:56,502 [INFO] Email sent successfully to adeboladesoyin@gmail.com
2025-12-03 12:56:56,850 [INFO] Logged 1 email results successfully into email_log table.
2025-12-03 12:57:26,882 [ERROR] Failed to send email to adeboladesoyin@gmail.com: Connection unexpectedly closed: timed out
2025-12-03 12:57:26,883 [INFO] Completed Daily quote send cycle successfully to admin.
2025-12-04 09:00:30,184 [INFO] ============================================
2025-12-04 09:00:30,187 [INFO] Fetched successfully: "Problems remain as problems because people are busy defending them rather than finding solutions." — Celestine Chua
2025-12-04 09:00:31,641 [INFO] Quote successfully inserted into zenquote table.
2025-12-04 09:00:32,200 [INFO] Retrieved 1 active Daily user(s).
2025-12-04 09:00:37,683 [INFO] Email sent successfully to adeboladesoyin@gmail.com
2025-12-04 09:00:38,160 [INFO] Logged 1 email results successfully into email_log table.
2025-12-04 09:00:43,476 [INFO] Email sent successfully to adeboladesoyin@gmail.com
2025-12-04 09:00:43,477 [INFO] Completed Daily quote send cycle successfully to admin.
2025-12-05 09:00:30,056 [INFO] ============================================
2025-12-05 09:00:30,060 [INFO] Fetched successfully: "The foolish reject what they see, not what they think; the wise reject what they think, not what they see." — Huang Po
2025-12-05 09:00:31,867 [INFO] Quote successfully inserted into zenquote table.
2025-12-05 09:00:32,431 [INFO] Retrieved 1 active Daily user(s).
2025-12-05 09:00:53,548 [ERROR] Failed to send email to adeboladesoyin@gmail.com: [WinError 10060] A connection attempt failed because the connected party did not properly respond after a period of time, or established connection failed because connected host has failed to respond
2025-12-05 09:00:54,099 [INFO] Logged 1 email results successfully into email_log table.
2025-12-05 09:01:15,134 [ERROR] Failed to send email to adeboladesoyin@gmail.com: [WinError 10060] A connection attempt failed because the connected party did not properly respond after a period of time, or established connection failed because connected host has failed to respond
2025-12-05 09:01:15,137 [INFO] Completed Daily quote send cycle successfully to admin.
2025-12-06 14:03:39,838 [INFO] ============================================
2025-12-06 14:03:42,287 [INFO] Fetched successfully: "He who can, does." — George Bernard Shaw
2025-12-06 14:03:45,300 [INFO] Quote successfully inserted into zenquote table.
2025-12-06 14:03:46,149 [INFO] Retrieved 1 active Weekly user(s).
2025-12-06 14:04:07,970 [ERROR] Failed to send email to adebola.adesoyin@avonhealthcare.com: [WinError 10060] A connection attempt failed because the connected party did not properly respond after a period of time, or established connection failed because connected host has failed to respond
2025-12-06 14:04:09,425 [INFO] Logged 1 email results successfully into email_log table.
2025-12-06 14:04:30,464 [ERROR] Failed to send email to adeboladesoyin@gmail.com: [WinError 10060] A connection attempt failed because the connected party did not properly respond after a period of time, or established connection failed because connected host has failed to respond
2025-12-06 14:04:30,470 [INFO] Completed Weekly quote send cycle successfully to admin.
2025-12-07 14:43:24,831 [INFO] ============================================
2025-12-07 14:43:24,832 [INFO] Fetched successfully: "Move out of your comfort zone. You can only grow if you are willing to feel awkward and uncomfortable when you try something new." — Brian Tracy
2025-12-07 14:43:25,944 [INFO] Quote successfully inserted into zenquote table.
2025-12-07 14:43:26,305 [INFO] Retrieved 1 active Daily user(s).
2025-12-07 14:43:47,561 [ERROR] Failed to send email to adeboladesoyin@gmail.com: [WinError 10060] A connection attempt failed because the connected party did not properly respond after a period of time, or established connection failed because connected host has failed to respond
2025-12-07 14:43:48,019 [INFO] Logged 1 email results successfully into email_log table.
2025-12-07 14:44:09,314 [ERROR] Failed to send email to adeboladesoyin@gmail.com: [WinError 10060] A connection attempt failed because the connected party did not properly respond after a period of time, or established connection failed because connected host has failed to respond
2025-12-07 14:44:09,389 [INFO] Completed Daily quote send cycle successfully to admin.
2025-12-07 16:20:43,827 [INFO] Today is Sunday - Running Daily quote
2025-12-07 16:20:43,828 [INFO] Starting Daily quote sending process....
2025-12-07 16:20:45,799 [INFO] ==================================================
2025-12-07 16:20:45,800 [INFO] Quote fetched successfully: "Move out of your comfort zone. You can only grow if you are willing to feel awkward and uncomfortable when you try something new." — Brian Tracy
2025-12-07 16:20:46,086 [INFO] Database connection established successfully
2025-12-07 16:20:46,132 [ERROR] Failed to insert quote into DB: duplicate key value violates unique constraint "zenquotekey"
DETAIL:  Key (quote, trans_date)=(Move out of your comfort zone. You can only grow if you are willing to feel awkward and uncomfortable when you try something new., 2025-12-07) already exists.

2025-12-07 16:20:46,353 [INFO] Database connection established successfully
2025-12-07 16:20:46,364 [ERROR] Database users query failed: column "frequency" does not exist
LINE 2: ...                  SELECT email_address, firstname, frequency
                                                              ^

2025-12-07 16:20:46,365 [WARNING] No {frequency} users found; skipping email send.
2025-12-07 16:35:07,241 [INFO] Database connection established successfully
2025-12-07 16:35:07,438 [INFO] Database connection established successfully
2025-12-07 16:35:07,786 [INFO] Database connection established successfully
2025-12-07 16:35:07,788 [ERROR] Database users query failed: column "frequency" does not exist
LINE 2: ...                  SELECT email_address, firstname, frequency
                                                              ^

2025-12-07 16:35:07,993 [INFO] Database connection established successfully
2025-12-07 16:35:07,997 [ERROR] Database users query failed: column "frequency" does not exist
LINE 2: ...                  SELECT email_address, firstname, frequency
                                                              ^

2025-12-07 16:39:43,704 [INFO] Today is Sunday - Running Daily quote
2025-12-07 16:39:43,704 [INFO] Starting Daily quote sending process....
2025-12-07 16:39:45,322 [INFO] ==================================================
2025-12-07 16:39:45,322 [INFO] Quote fetched successfully: "Move out of your comfort zone. You can only grow if you are willing to feel awkward and uncomfortable when you try something new." — Brian Tracy
2025-12-07 16:39:45,610 [INFO] Database connection established successfully
2025-12-07 16:39:45,621 [ERROR] Failed to insert quote into DB: duplicate key value violates unique constraint "zenquotekey"
DETAIL:  Key (quote, trans_date)=(Move out of your comfort zone. You can only grow if you are willing to feel awkward and uncomfortable when you try something new., 2025-12-07) already exists.

2025-12-07 16:39:45,854 [INFO] Database connection established successfully
2025-12-07 16:39:45,855 [ERROR] Database users query failed: column "frequency" does not exist
LINE 2: ...                  SELECT email_address, firstname, frequency
                                                              ^

2025-12-07 16:39:45,856 [WARNING] No {frequency} users found; skipping email send.
2025-12-07 16:41:32,532 [INFO] Today is Sunday - Running Daily quote
2025-12-07 16:41:32,532 [INFO] Starting Daily quote sending process....
2025-12-07 16:41:34,434 [INFO] ==================================================
2025-12-07 16:41:34,435 [INFO] Quote fetched successfully: "Move out of your comfort zone. You can only grow if you are willing to feel awkward and uncomfortable when you try something new." — Brian Tracy
2025-12-07 16:41:34,675 [INFO] Database connection established successfully
2025-12-07 16:41:34,689 [ERROR] Failed to insert quote into DB: duplicate key value violates unique constraint "zenquotekey"
DETAIL:  Key (quote, trans_date)=(Move out of your comfort zone. You can only grow if you are willing to feel awkward and uncomfortable when you try something new., 2025-12-07) already exists.

2025-12-07 16:41:34,911 [INFO] Database connection established successfully
2025-12-07 16:41:34,914 [ERROR] Database users query failed: column "frequency" does not exist
LINE 2:             SELECT email_address, firstname, frequency
                                                     ^

2025-12-07 16:41:34,914 [WARNING] No {frequency} users found; skipping email send.
2025-12-07 16:54:14,603 [INFO] SQLAlchemy engine created successfully
2025-12-07 16:58:05,610 [INFO] SQLAlchemy engine created successfully
2025-12-07 16:58:32,267 [INFO] SQLAlchemy engine created successfully
2025-12-07 16:58:32,547 [INFO] SQLAlchemy engine created successfully
2025-12-07 16:58:32,896 [INFO] SQLAlchemy engine created successfully
2025-12-07 16:58:32,897 [ERROR] Database users query failed: 'Engine' object has no attribute 'cursor'
2025-12-07 17:09:11,095 [INFO] Today is Sunday - Running Daily quote
2025-12-07 17:09:11,095 [INFO] Starting Daily quote sending process....
2025-12-07 17:09:12,760 [INFO] ==================================================
2025-12-07 17:09:12,760 [INFO] Quote fetched successfully: "Move out of your comfort zone. You can only grow if you are willing to feel awkward and uncomfortable when you try something new." — Brian Tracy
2025-12-07 17:09:12,835 [INFO] SQLAlchemy engine created successfully
2025-12-07 17:09:13,064 [ERROR] Failed to insert quote into DB: duplicate key value violates unique constraint "zenquotekey"
DETAIL:  Key (quote, trans_date)=(Move out of your comfort zone. You can only grow if you are willing to feel awkward and uncomfortable when you try something new., 2025-12-07) already exists.

2025-12-07 17:09:13,065 [INFO] SQLAlchemy engine created successfully
2025-12-07 17:09:13,339 [ERROR] Database users query failed: column "frequency" does not exist
LINE 2:             SELECT email_address, firstname, frequency
                                                     ^

2025-12-07 17:09:13,340 [WARNING] No {frequency} users found; skipping email send.
2025-12-07 17:15:27,760 [INFO] Today is Sunday - Running Daily quote
2025-12-07 17:15:27,761 [INFO] Starting Daily quote sending process....
2025-12-07 17:15:29,591 [INFO] ==================================================
2025-12-07 17:15:29,591 [INFO] Quote fetched successfully: "Move out of your comfort zone. You can only grow if you are willing to feel awkward and uncomfortable when you try something new." — Brian Tracy
2025-12-07 17:15:29,722 [INFO] SQLAlchemy engine created successfully
2025-12-07 17:15:30,049 [ERROR] Failed to insert quote into DB: duplicate key value violates unique constraint "zenquotekey"
DETAIL:  Key (quote, trans_date)=(Move out of your comfort zone. You can only grow if you are willing to feel awkward and uncomfortable when you try something new., 2025-12-07) already exists.

2025-12-07 17:15:30,050 [INFO] SQLAlchemy engine created successfully
2025-12-07 17:15:30,373 [INFO] Retrieved 1 active Daily user(s).
2025-12-07 17:15:30,375 [INFO] Preparing to send emails to 1 user(s)...
2025-12-07 17:15:30,375 [INFO] Scheduler failed: too many values to unpack (expected 2)
2025-12-07 17:18:30,597 [INFO] Today is Sunday - Running Daily quote
2025-12-07 17:18:30,597 [INFO] Starting Daily quote sending process....
2025-12-07 17:18:32,375 [INFO] ==================================================
2025-12-07 17:18:32,376 [INFO] Quote fetched successfully: "Move out of your comfort zone. You can only grow if you are willing to feel awkward and uncomfortable when you try something new." — Brian Tracy
2025-12-07 17:18:32,440 [INFO] SQLAlchemy engine created successfully
2025-12-07 17:18:32,675 [ERROR] Failed to insert quote into DB: duplicate key value violates unique constraint "zenquotekey"
DETAIL:  Key (quote, trans_date)=(Move out of your comfort zone. You can only grow if you are willing to feel awkward and uncomfortable when you try something new., 2025-12-07) already exists.

2025-12-07 17:18:32,676 [INFO] SQLAlchemy engine created successfully
2025-12-07 17:18:32,886 [INFO] Retrieved 1 active Daily user(s).
2025-12-07 17:18:32,887 [INFO] Preparing to send emails to 1 user(s)...
2025-12-07 17:18:54,010 [ERROR] Failed to send email to adeboladesoyin@gmail.com: [WinError 10060] A connection attempt failed because the connected party did not properly respond after a period of time, or established connection failed because connected host has failed to respond
2025-12-07 17:18:54,010 [INFO] SQLAlchemy engine created successfully
2025-12-07 17:18:54,306 [INFO] Logged 1 email results successfully into email_log table.
2025-12-07 17:19:15,351 [ERROR] Failed to send email to adeboladesoyin@gmail.com: [WinError 10060] A connection attempt failed because the connected party did not properly respond after a period of time, or established connection failed because connected host has failed to respond
2025-12-07 17:19:15,352 [INFO] Summary report sent to admin: adeboladesoyin@gmail.com
2025-12-07 17:19:15,352 [INFO] Completed Daily quote send cycle successfully to admin.
2025-12-07 17:19:15,352 [INFO] ==================================================
2025-12-07 17:30:59,942 [INFO] Today is Sunday - Running Daily quote
2025-12-07 17:30:59,943 [INFO] Starting Daily quote sending process....
2025-12-07 17:31:04,614 [INFO] ==================================================
2025-12-07 17:31:04,614 [INFO] Quote fetched successfully: "Move out of your comfort zone. You can only grow if you are willing to feel awkward and uncomfortable when you try something new." — Brian Tracy
2025-12-07 17:31:04,705 [INFO] SQLAlchemy engine created successfully
2025-12-07 17:31:05,080 [ERROR] Failed to insert quote into DB: duplicate key value violates unique constraint "zenquotekey"
DETAIL:  Key (quote, trans_date)=(Move out of your comfort zone. You can only grow if you are willing to feel awkward and uncomfortable when you try something new., 2025-12-07) already exists.

2025-12-07 17:31:05,082 [INFO] SQLAlchemy engine created successfully
2025-12-07 17:31:05,388 [INFO] Retrieved 1 active Daily user(s).
2025-12-07 17:31:05,390 [INFO] Preparing to send emails to 1 user(s)...
2025-12-07 17:31:12,784 [INFO] Email sent successfully to adeboladesoyin@gmail.com
2025-12-07 17:31:12,785 [INFO] SQLAlchemy engine created successfully
2025-12-07 17:31:13,089 [INFO] Logged 1 email results successfully into email_log table.
2025-12-07 17:31:16,353 [INFO] Email sent successfully to adeboladesoyin@gmail.com
2025-12-07 17:31:16,354 [INFO] Summary report sent to admin: adeboladesoyin@gmail.com
2025-12-07 17:31:16,355 [INFO] Completed Daily quote send cycle successfully to admin.
2025-12-07 17:31:16,355 [INFO] ==================================================
2025-12-08 12:00:38,916 [INFO] Today is Monday - Running Daily quote
2025-12-08 12:00:38,918 [INFO] Starting Daily quote sending process....
2025-12-08 12:00:40,414 [INFO] ==================================================
2025-12-08 12:00:40,415 [INFO] Quote fetched successfully: "If you do not push the boundaries, you will never know where they are." — T.S. Eliot
2025-12-08 12:00:40,754 [INFO] SQLAlchemy engine created successfully
2025-12-08 12:00:40,991 [ERROR] Failed to insert quote into DB: connection to server at "localhost" (::1), port 5433 failed: FATAL:  no pg_hba.conf entry for host "::1", user "postgres", database "launchpad", no encryption

2025-12-08 12:00:40,991 [INFO] SQLAlchemy engine created successfully
2025-12-08 12:00:41,264 [ERROR] Database users query failed: connection to server at "localhost" (::1), port 5433 failed: FATAL:  no pg_hba.conf entry for host "::1", user "postgres", database "launchpad", no encryption

2025-12-08 12:00:41,264 [INFO] Scheduler failed: cannot access local variable 'conn' where it is not associated with a value
2025-12-08 12:05:57,766 [INFO] Today is Monday - Running Daily quote
2025-12-08 12:05:57,767 [INFO] Starting Daily quote sending process....
2025-12-08 12:06:00,300 [INFO] ==================================================
2025-12-08 12:06:00,301 [INFO] Quote fetched successfully: "If you do not push the boundaries, you will never know where they are." — T.S. Eliot
2025-12-08 12:06:00,411 [INFO] SQLAlchemy engine created successfully
2025-12-08 12:06:04,511 [ERROR] Failed to insert quote into DB: connection to server at "localhost" (::1), port 5433 failed: Connection refused (0x0000274D/10061)
	Is the server running on that host and accepting TCP/IP connections?
connection to server at "localhost" (127.0.0.1), port 5433 failed: Connection refused (0x0000274D/10061)
	Is the server running on that host and accepting TCP/IP connections?

2025-12-08 12:06:04,512 [INFO] SQLAlchemy engine created successfully
2025-12-08 12:06:08,633 [ERROR] Database users query failed: connection to server at "localhost" (::1), port 5433 failed: Connection refused (0x0000274D/10061)
	Is the server running on that host and accepting TCP/IP connections?
connection to server at "localhost" (127.0.0.1), port 5433 failed: Connection refused (0x0000274D/10061)
	Is the server running on that host and accepting TCP/IP connections?

2025-12-08 12:06:08,634 [INFO] Scheduler failed: cannot access local variable 'conn' where it is not associated with a value
2025-12-08 12:09:14,227 [INFO] Today is Monday - Running Daily quote
2025-12-08 12:09:14,228 [INFO] Starting Daily quote sending process....
2025-12-08 12:09:16,704 [INFO] ==================================================
2025-12-08 12:09:16,705 [INFO] Quote fetched successfully: "If you do not push the boundaries, you will never know where they are." — T.S. Eliot
2025-12-08 12:09:16,850 [INFO] SQLAlchemy engine created successfully
2025-12-08 12:09:20,940 [ERROR] Failed to insert quote into DB: connection to server at "localhost" (::1), port 5433 failed: Connection refused (0x0000274D/10061)
	Is the server running on that host and accepting TCP/IP connections?
connection to server at "localhost" (127.0.0.1), port 5433 failed: Connection refused (0x0000274D/10061)
	Is the server running on that host and accepting TCP/IP connections?

2025-12-08 12:09:20,941 [INFO] SQLAlchemy engine created successfully
2025-12-08 12:09:25,073 [ERROR] Database users query failed: connection to server at "localhost" (::1), port 5433 failed: Connection refused (0x0000274D/10061)
	Is the server running on that host and accepting TCP/IP connections?
connection to server at "localhost" (127.0.0.1), port 5433 failed: Connection refused (0x0000274D/10061)
	Is the server running on that host and accepting TCP/IP connections?

2025-12-08 12:09:25,074 [INFO] Scheduler failed: cannot access local variable 'conn' where it is not associated with a value
2025-12-08 12:37:52,143 [INFO] Today is Monday - Running Daily quote
2025-12-08 12:37:52,143 [INFO] Starting Daily quote sending process....
2025-12-08 12:37:53,840 [INFO] ==================================================
2025-12-08 12:37:53,841 [INFO] Quote fetched successfully: "If you do not push the boundaries, you will never know where they are." — T.S. Eliot
2025-12-08 12:37:53,955 [INFO] SQLAlchemy engine created successfully
2025-12-08 12:37:54,333 [INFO] Quote successfully inserted into zenquote table.
2025-12-08 12:37:54,334 [INFO] SQLAlchemy engine created successfully
2025-12-08 12:37:54,722 [INFO] Retrieved 1 active Daily user(s).
2025-12-08 12:37:54,723 [INFO] Preparing to send emails to 1 user(s)...
2025-12-08 12:37:58,153 [INFO] Email sent successfully to adeboladesoyin@gmail.com
2025-12-08 12:37:58,154 [INFO] SQLAlchemy engine created successfully
2025-12-08 12:37:58,594 [INFO] Logged 1 email results successfully into email_log table.
2025-12-08 12:38:01,723 [INFO] Email sent successfully to adeboladesoyin@gmail.com
2025-12-08 12:38:01,724 [INFO] Summary report sent to admin: adeboladesoyin@gmail.com
2025-12-08 12:38:01,724 [INFO] Completed Daily quote send cycle successfully to admin.
2025-12-08 12:38:01,724 [INFO] ==================================================
2025-12-08 13:02:13,883 [INFO] Today is Monday - Running Daily quote
2025-12-08 13:02:13,884 [INFO] Starting Daily quote sending process....
2025-12-08 13:02:15,920 [INFO] ==================================================
2025-12-08 13:02:15,920 [INFO] Quote fetched successfully: "If you do not push the boundaries, you will never know where they are." — T.S. Eliot
2025-12-08 13:02:16,057 [INFO] SQLAlchemy engine created successfully
2025-12-08 13:02:16,386 [ERROR] Failed to insert quote into DB: duplicate key value violates unique constraint "zenquotekey"
DETAIL:  Key (quote, trans_date)=(If you do not push the boundaries, you will never know where they are., 2025-12-08) already exists.

2025-12-08 13:02:16,388 [INFO] SQLAlchemy engine created successfully
2025-12-08 13:02:16,705 [INFO] Retrieved 1 active Daily user(s).
2025-12-08 13:02:16,706 [INFO] Preparing to send emails to 1 user(s)...
2025-12-08 13:02:20,222 [INFO] Email sent successfully to adeboladesoyin@gmail.com
2025-12-08 13:02:20,224 [INFO] SQLAlchemy engine created successfully
2025-12-08 13:02:20,557 [INFO] Logged 1 email results successfully into email_log table.
2025-12-08 13:02:23,703 [INFO] Email sent successfully to adeboladesoyin@gmail.com
2025-12-08 13:02:23,704 [INFO] Summary report sent to admin: adeboladesoyin@gmail.com
2025-12-08 13:02:23,705 [INFO] Completed Daily quote send cycle successfully to admin.
2025-12-08 13:02:23,705 [INFO] ==================================================
