2025-11-12 23:20:21,633 [ERROR] Missing field 'comments' for user jared.wood@example.com
Traceback (most recent call last):
  File "C:\Users\adebola.adesoyin\AppData\Local\Temp\ipykernel_43724\1341421480.py", line 53, in record_process
    comments = user['comments']  # changed to lowercase (PostgreSQL returns lowercase)
               ~~~~^^^^^^^^^^^^
KeyError: 'comments'
2025-11-12 23:20:21,635 [ERROR] Missing field 'comments' for user terri.hunt@example.com
Traceback (most recent call last):
  File "C:\Users\adebola.adesoyin\AppData\Local\Temp\ipykernel_43724\1341421480.py", line 53, in record_process
    comments = user['comments']  # changed to lowercase (PostgreSQL returns lowercase)
               ~~~~^^^^^^^^^^^^
KeyError: 'comments'
2025-11-12 23:21:30,305 [ERROR] Failure to create ticket for Jared Wood: Status 415
2025-11-12 23:21:32,771 [ERROR] Failure to create ticket for Terri Hunt: Status 415
2025-11-12 23:29:00,849 [ERROR] Failure to create ticket for Jared Wood: Status 415
2025-11-12 23:29:02,810 [ERROR] Failure to create ticket for Terri Hunt: Status 415
2025-11-19 21:51:33,624 [ERROR] Failure to create ticket for Jared Wood: Status 415
2025-11-19 21:51:34,418 [ERROR] Failure to create ticket for Terri Hunt: Status 415
2025-11-19 21:59:34,108 [ERROR] Failure to create ticket for Jared Wood: Status 415
2025-11-19 21:59:34,880 [ERROR] Failure to create ticket for Terri Hunt: Status 415
2025-11-19 22:01:47,237 [ERROR] Failure to create ticket for Jared Wood: Status 415
2025-11-19 22:01:48,338 [ERROR] Failure to create ticket for Terri Hunt: Status 415
2025-11-19 22:06:54,909 [ERROR] Failure to create ticket for Jared Wood: Status 415
2025-11-19 22:06:55,702 [ERROR] Failure to create ticket for Terri Hunt: Status 415
2025-11-19 22:12:32,842 [ERROR] Failure to create ticket for Jared Wood: Status 415
2025-11-19 22:12:34,042 [ERROR] Failure to create ticket for Terri Hunt: Status 415
2025-11-19 22:18:56,268 [ERROR] Failure to create ticket for Jared Wood: Status 415
2025-11-19 22:18:57,180 [ERROR] Failure to create ticket for Terri Hunt: Status 415
2025-11-19 22:23:05,628 [ERROR] Failure to create ticket for Jared Wood: Status 400
2025-11-19 22:23:06,842 [ERROR] Failure to create ticket for Terri Hunt: Status 400
2025-11-19 22:39:06,411 [INFO] Ticket successfully filled for Jared Wood 
2025-11-19 22:39:10,474 [INFO] ============================================
2025-11-19 22:39:10,474 [INFO] Ticket successfullly created for Jared Wood with CCX-2
2025-11-19 22:39:12,256 [INFO] Ticket successfully filled for Terri Hunt 
2025-11-19 22:39:14,720 [INFO] ============================================
2025-11-19 22:39:14,721 [INFO] Ticket successfullly created for Terri Hunt with CCX-3
2025-11-19 23:00:59,731 [INFO] Ticket successfully filled for Jared Wood 
2025-11-19 23:01:02,247 [INFO] ============================================
2025-11-19 23:01:02,248 [INFO] Ticket successfullly created for Jared Wood with CCX-4
2025-11-19 23:01:03,645 [INFO] Ticket successfully filled for Terri Hunt 
2025-11-19 23:01:05,629 [INFO] ============================================
2025-11-19 23:01:05,630 [INFO] Ticket successfullly created for Terri Hunt with CCX-5
2025-11-19 23:05:37,273 [INFO] Ticket successfully filled for Jared Wood 
2025-11-19 23:05:39,644 [INFO] ============================================
2025-11-19 23:05:39,644 [INFO] Ticket successfullly created for Jared Wood with CCX-6
2025-11-19 23:05:41,319 [INFO] Ticket successfully filled for Terri Hunt 
2025-11-19 23:05:43,665 [INFO] ============================================
2025-11-19 23:05:43,666 [INFO] Ticket successfullly created for Terri Hunt with CCX-7
2025-11-19 23:23:20,435 [INFO] Ticket successfully filled for Jared Wood 
2025-11-19 23:23:22,469 [INFO] ============================================
2025-11-19 23:23:22,470 [INFO] Ticket successfullly created for Jared Wood with CCX-8
2025-11-19 23:23:24,209 [INFO] Ticket successfully filled for Terri Hunt 
2025-11-19 23:23:26,517 [INFO] ============================================
2025-11-19 23:23:26,517 [INFO] Ticket successfullly created for Terri Hunt with CCX-9
2025-11-19 23:42:27,503 [INFO] Ticket successfully filled for Jared Wood 
2025-11-19 23:42:29,728 [INFO] ============================================
2025-11-19 23:42:29,729 [INFO] Ticket successfullly created for Jared Wood with CCX-10
2025-11-19 23:42:32,055 [INFO] Ticket successfully filled for Terri Hunt 
2025-11-19 23:42:34,472 [INFO] ============================================
2025-11-19 23:42:34,472 [INFO] Ticket successfullly created for Terri Hunt with CCX-11
2025-11-19 23:55:59,865 [INFO] Ticket successfully filled for Jared Wood 
2025-11-19 23:56:03,636 [INFO] ============================================
2025-11-19 23:56:03,637 [INFO] Ticket successfullly created for Jared Wood with CCX-12
2025-11-19 23:56:06,802 [INFO] Ticket successfully filled for Terri Hunt 
2025-11-19 23:56:09,580 [INFO] ============================================
2025-11-19 23:56:09,581 [INFO] Ticket successfullly created for Terri Hunt with CCX-13
2025-11-19 23:57:23,471 [INFO] Ticket successfully filled for Jared Wood 
2025-11-19 23:57:26,312 [INFO] ============================================
2025-11-19 23:57:26,313 [INFO] Ticket successfullly created for Jared Wood with CCX-14
2025-11-19 23:57:29,138 [INFO] Ticket successfully filled for Terri Hunt 
2025-11-19 23:57:31,704 [INFO] ============================================
2025-11-19 23:57:31,705 [INFO] Ticket successfullly created for Terri Hunt with CCX-15
2025-11-20 00:04:44,853 [INFO] Ticket successfully filled for Jared Wood 
2025-11-20 00:04:49,362 [INFO] ============================================
2025-11-20 00:04:49,364 [INFO] Ticket successfullly created for Jared Wood with CCX-16
2025-11-20 00:04:53,223 [INFO] Ticket successfully filled for Terri Hunt 
2025-11-20 00:04:56,846 [INFO] ============================================
2025-11-20 00:04:56,847 [INFO] Ticket successfullly created for Terri Hunt with CCX-17
2025-11-20 00:14:11,883 [INFO] Ticket successfully filled for Jared Wood 
2025-11-20 00:14:14,809 [INFO] ============================================
2025-11-20 00:14:14,810 [INFO] Ticket successfullly created for Jared Wood with CCX-18
2025-11-20 00:14:21,054 [INFO] Ticket successfully filled for Terri Hunt 
2025-11-20 00:14:23,900 [INFO] ============================================
2025-11-20 00:14:23,901 [INFO] Ticket successfullly created for Terri Hunt with CCX-19
2025-11-20 00:15:22,392 [INFO] Ticket successfully filled for Jared Wood 
2025-11-20 00:15:26,594 [INFO] ============================================
2025-11-20 00:15:26,595 [INFO] Ticket successfullly created for Jared Wood with CCX-20
2025-11-20 00:15:29,971 [INFO] Ticket successfully filled for Terri Hunt 
2025-11-20 00:15:33,868 [INFO] ============================================
2025-11-20 00:15:33,870 [INFO] Ticket successfullly created for Terri Hunt with CCX-21
2025-11-20 00:19:50,754 [INFO] Ticket successfully filled for Jared Wood 
2025-11-20 00:19:54,472 [INFO] ============================================
2025-11-20 00:19:54,473 [INFO] Ticket successfullly created for Jared Wood with CCX-22
2025-11-20 00:19:55,540 [INFO] Ticket logged successfully for jared.wood@example.com
2025-11-20 00:19:55,543 [INFO] Ticket successfully filled for Terri Hunt 
2025-11-20 00:19:59,894 [INFO] ============================================
2025-11-20 00:19:59,895 [INFO] Ticket successfullly created for Terri Hunt with CCX-23
2025-11-20 00:20:00,477 [INFO] Ticket logged successfully for terri.hunt@example.com
2025-11-20 00:30:47,517 [INFO] Ticket successfully filled for Jared Wood 
2025-11-20 00:30:51,874 [INFO] ============================================
2025-11-20 00:30:51,876 [INFO] Ticket successfullly created for Jared Wood with CCX-24
2025-11-20 00:30:52,522 [ERROR] Error logging ticket for jared.wood@example.com: 'module' object is not callable
2025-11-20 00:30:52,524 [INFO] Ticket successfully filled for Terri Hunt 
2025-11-20 00:30:57,106 [INFO] ============================================
2025-11-20 00:30:57,108 [INFO] Ticket successfullly created for Terri Hunt with CCX-25
2025-11-20 00:30:57,806 [ERROR] Error logging ticket for terri.hunt@example.com: 'module' object is not callable
2025-11-20 00:36:42,092 [INFO] Ticket successfully filled for Jared Wood 
2025-11-20 00:36:45,158 [INFO] ============================================
2025-11-20 00:36:45,159 [INFO] Ticket successfullly created for Jared Wood with CCX-26
2025-11-20 00:36:45,688 [ERROR] Error logging ticket for jared.wood@example.com: '_ConnectionFairy' object does not support the context manager protocol
2025-11-20 00:36:45,689 [INFO] Ticket successfully filled for Terri Hunt 
2025-11-20 00:36:48,485 [INFO] ============================================
2025-11-20 00:36:48,486 [INFO] Ticket successfullly created for Terri Hunt with CCX-27
2025-11-20 00:36:49,031 [ERROR] Error logging ticket for terri.hunt@example.com: '_ConnectionFairy' object does not support the context manager protocol
2025-11-20 00:38:23,052 [INFO] Ticket successfully filled for Jared Wood 
2025-11-20 00:38:27,514 [INFO] ============================================
2025-11-20 00:38:27,514 [INFO] Ticket successfullly created for Jared Wood with CCX-28
2025-11-20 00:38:28,074 [ERROR] Error logging ticket for jared.wood@example.com: '_ConnectionFairy' object does not support the context manager protocol
2025-11-20 00:38:28,075 [INFO] Ticket successfully filled for Terri Hunt 
2025-11-20 00:38:32,332 [INFO] ============================================
2025-11-20 00:38:32,333 [INFO] Ticket successfullly created for Terri Hunt with CCX-29
2025-11-20 00:38:32,920 [ERROR] Error logging ticket for terri.hunt@example.com: '_ConnectionFairy' object does not support the context manager protocol
2025-11-20 00:41:56,291 [INFO] Ticket successfully filled for Jared Wood 
2025-11-20 00:41:58,808 [INFO] ============================================
2025-11-20 00:41:58,809 [INFO] Ticket successfullly created for Jared Wood with CCX-30
2025-11-20 00:41:59,330 [ERROR] Error logging ticket for jared.wood@example.com: '_ConnectionFairy' object does not support the context manager protocol
2025-11-20 00:41:59,331 [INFO] Ticket successfully filled for Terri Hunt 
2025-11-20 00:42:01,572 [INFO] ============================================
2025-11-20 00:42:01,573 [INFO] Ticket successfullly created for Terri Hunt with CCX-31
2025-11-20 00:42:01,895 [ERROR] Error logging ticket for terri.hunt@example.com: '_ConnectionFairy' object does not support the context manager protocol
2025-11-20 00:44:53,152 [INFO] Ticket successfully filled for Jared Wood 
2025-11-20 00:44:55,345 [INFO] ============================================
2025-11-20 00:44:55,346 [INFO] Ticket successfullly created for Jared Wood with CCX-32
2025-11-20 00:44:55,832 [INFO] Ticket logged successfully for jared.wood@example.com
2025-11-20 00:44:55,833 [INFO] Ticket successfully filled for Terri Hunt 
2025-11-20 00:44:57,770 [INFO] ============================================
2025-11-20 00:44:57,771 [INFO] Ticket successfullly created for Terri Hunt with CCX-33
2025-11-20 00:44:58,028 [INFO] Ticket logged successfully for terri.hunt@example.com
